

==================== Beginning of the experiment ====================


Original number of training samples (MNIST): 60000
New number of training samples (MNIST): 60000
Number of samples in the training dataset:  60000
Number of samples in the testing dataset:  10000
Shape of the used representation: torch.Size([1, 20, 20])
Pre-trained models files to use:  ['./results/CameraReady_MNIST_VIT_FP_OW_0/model//final_model-CameraReady_MNIST_VIT_FP_rep-0.pth'] 1
===> Saving the results of the experiment in ./results/CameraReady_MNIST_VIT_DoReFa_OW_1
Number of samples in the training dataset:  60000
Number of samples in the testing dataset:  10000


Class weights: [1. 1. 1. 1. 1. 1. 1. 1. 1. 1.]




=======> Repetitions 0 <=======
===> Model loaded successfully !
================================================================================
METRICS


=======>Train loss at epoch 0 is 0.32150503993034363
		Test loss at epoch 0 is 0.1557902842760086

=======>Train F1 Score at epoch 0 is 0.9144567580955517

		Test F1 Score at epoch 0 is 0.9537

=======>Train accuracy at epoch 0 is 0.9153

		Test accuracy at epoch 0 is 0.9537

=======>Train MCC at epoch 0 is 0.905877181991566

		Test MCC at epoch 0 is 0.9485453553502742
================================================================================


New best MCC 0.9485453553502742
!!!!Counting the non zero parameters of ONLY THE LAYERS TO QUANTIZE (524288 params to quantize)
=======> SPARSITY RATE AT EPOCH 0: 0.0



================================================================================
METRICS


=======>Train loss at epoch 1 is 0.19558590650558472
		Test loss at epoch 1 is 0.12802337110042572

=======>Train F1 Score at epoch 1 is 0.9382264765147041

		Test F1 Score at epoch 1 is 0.9608

=======>Train accuracy at epoch 1 is 0.9387833333333333

		Test accuracy at epoch 1 is 0.9608

=======>Train MCC at epoch 1 is 0.9319623186363798

		Test MCC at epoch 1 is 0.9564390923058811
================================================================================


New best MCC 0.9564390923058811
!!!!Counting the non zero parameters of ONLY THE LAYERS TO QUANTIZE (524288 params to quantize)
=======> SPARSITY RATE AT EPOCH 1: 0.0



================================================================================
METRICS


=======>Train loss at epoch 2 is 0.169246643781662
		Test loss at epoch 2 is 0.11509925127029419

=======>Train F1 Score at epoch 2 is 0.9453142858335694

		Test F1 Score at epoch 2 is 0.9637

=======>Train accuracy at epoch 2 is 0.9457666666666666

		Test accuracy at epoch 2 is 0.9637

=======>Train MCC at epoch 2 is 0.9397222488689294

		Test MCC at epoch 2 is 0.9596558394807619
================================================================================


New best MCC 0.9596558394807619
!!!!Counting the non zero parameters of ONLY THE LAYERS TO QUANTIZE (524288 params to quantize)
=======> SPARSITY RATE AT EPOCH 2: 0.0



================================================================================
METRICS


=======>Train loss at epoch 3 is 0.1558808535337448
		Test loss at epoch 3 is 0.10772041976451874

=======>Train F1 Score at epoch 3 is 0.9495070549829773

		Test F1 Score at epoch 3 is 0.9657

=======>Train accuracy at epoch 3 is 0.9499666666666666

		Test accuracy at epoch 3 is 0.9657

=======>Train MCC at epoch 3 is 0.9443911355603238

		Test MCC at epoch 3 is 0.961881142695309
================================================================================


New best MCC 0.961881142695309
!!!!Counting the non zero parameters of ONLY THE LAYERS TO QUANTIZE (524288 params to quantize)
=======> SPARSITY RATE AT EPOCH 3: 0.0



================================================================================
METRICS


=======>Train loss at epoch 4 is 0.14842462539672852
		Test loss at epoch 4 is 0.10307923704385757

=======>Train F1 Score at epoch 4 is 0.952110365947442

		Test F1 Score at epoch 4 is 0.9674000000000001

=======>Train accuracy at epoch 4 is 0.9525333333333333

		Test accuracy at epoch 4 is 0.9674

=======>Train MCC at epoch 4 is 0.9472428473193806

		Test MCC at epoch 4 is 0.9637704994781164
================================================================================


New best MCC 0.9637704994781164
!!!!Counting the non zero parameters of ONLY THE LAYERS TO QUANTIZE (524288 params to quantize)
=======> SPARSITY RATE AT EPOCH 4: 0.0



================================================================================
METRICS


=======>Train loss at epoch 5 is 0.14108499884605408
		Test loss at epoch 5 is 0.09984791278839111

=======>Train F1 Score at epoch 5 is 0.9540737524648039

		Test F1 Score at epoch 5 is 0.9685

=======>Train accuracy at epoch 5 is 0.95445

		Test accuracy at epoch 5 is 0.9685

=======>Train MCC at epoch 5 is 0.9493738422516013

		Test MCC at epoch 5 is 0.964992066881988
================================================================================


New best MCC 0.964992066881988
!!!!Counting the non zero parameters of ONLY THE LAYERS TO QUANTIZE (524288 params to quantize)
=======> SPARSITY RATE AT EPOCH 5: 0.0



================================================================================
METRICS


=======>Train loss at epoch 6 is 0.13607464730739594
		Test loss at epoch 6 is 0.09723225980997086

=======>Train F1 Score at epoch 6 is 0.9551996367460228

		Test F1 Score at epoch 6 is 0.9695

=======>Train accuracy at epoch 6 is 0.9556166666666667

		Test accuracy at epoch 6 is 0.9695

=======>Train MCC at epoch 6 is 0.9506701334715998

		Test MCC at epoch 6 is 0.9661011736329074
================================================================================


New best MCC 0.9661011736329074
!!!!Counting the non zero parameters of ONLY THE LAYERS TO QUANTIZE (524288 params to quantize)
=======> SPARSITY RATE AT EPOCH 6: 0.0



================================================================================
METRICS


=======>Train loss at epoch 7 is 0.13142210245132446
		Test loss at epoch 7 is 0.09603068977594376

=======>Train F1 Score at epoch 7 is 0.9563084247237175

		Test F1 Score at epoch 7 is 0.9701

=======>Train accuracy at epoch 7 is 0.9566833333333333

		Test accuracy at epoch 7 is 0.9701

=======>Train MCC at epoch 7 is 0.9518557091729113

		Test MCC at epoch 7 is 0.9667740046705304
================================================================================


New best MCC 0.9667740046705304
!!!!Counting the non zero parameters of ONLY THE LAYERS TO QUANTIZE (524288 params to quantize)
=======> SPARSITY RATE AT EPOCH 7: 0.0



================================================================================
METRICS


=======>Train loss at epoch 8 is 0.129351407289505
		Test loss at epoch 8 is 0.09270001947879791

=======>Train F1 Score at epoch 8 is 0.9565754351681746

		Test F1 Score at epoch 8 is 0.9707

=======>Train accuracy at epoch 8 is 0.9569166666666666

		Test accuracy at epoch 8 is 0.9707

=======>Train MCC at epoch 8 is 0.9521161097297617

		Test MCC at epoch 8 is 0.9674365450997279
================================================================================


New best MCC 0.9674365450997279
!!!!Counting the non zero parameters of ONLY THE LAYERS TO QUANTIZE (524288 params to quantize)
=======> SPARSITY RATE AT EPOCH 8: 0.0



================================================================================
METRICS


=======>Train loss at epoch 9 is 0.12477534264326096
		Test loss at epoch 9 is 0.09082962572574615

=======>Train F1 Score at epoch 9 is 0.9586398202170461

		Test F1 Score at epoch 9 is 0.9721

=======>Train accuracy at epoch 9 is 0.9590333333333333

		Test accuracy at epoch 9 is 0.9721

=======>Train MCC at epoch 9 is 0.9544682650103846

		Test MCC at epoch 9 is 0.9689926502849606
================================================================================


New best MCC 0.9689926502849606
!!!!Counting the non zero parameters of ONLY THE LAYERS TO QUANTIZE (524288 params to quantize)
=======> SPARSITY RATE AT EPOCH 9: 0.0



!!!!Counting the non zero parameters of ONLY THE LAYERS TO QUANTIZE (524288 params to quantize over 539914)


=======> For repetition 0 we have an sparsity rate of 0.0







Param: cls_token
	Parameter containing:
tensor([[[-0.0211,  0.0434, -0.0309,  0.0087,  0.0003, -0.0821,  0.0723,
          -0.0256,  0.0427, -0.0251,  0.0108, -0.0055,  0.1179,  0.0100,
           0.0178, -0.0199, -0.0277,  0.0118, -0.0704, -0.0174,  0.0915,
           0.0244,  0.0073, -0.0117,  0.0164,  0.0117, -0.0010, -0.0574,
          -0.0059,  0.0377,  0.0077, -0.0248, -0.0289, -0.0506,  0.0402,
           0.1182, -0.0631,  0.0526,  0.0280,  0.0156,  0.0074, -0.0176,
           0.0278, -0.0057,  0.0146,  0.0182,  0.0432, -0.0250, -0.0605,
          -0.0660,  0.0198,  0.0077, -0.0131,  0.0824,  0.0060,  0.0500,
           0.0009, -0.0167,  0.0040, -0.0202,  0.0021,  0.0879,  0.0138,
           0.1454, -0.0002, -0.0042,  0.0542,  0.0041, -0.0416, -0.0234,
           0.0534, -0.0592, -0.0353, -0.0372, -0.0366, -0.0771,  0.0007,
          -0.0506, -0.0596, -0.0205, -0.0147, -0.0252,  0.0286,  0.0094,
          -0.0391, -0.0103, -0.0567, -0.0169,  0.0273, -0.0393, -0.0328,
           0.0085, -0.0021, -0.0316, -0.0010, -0.0369, -0.0823,  0.0374,
           0.0593, -0.0602, -0.0187, -0.0707,  0.0359, -0.0274, -0.0232,
          -0.0571,  0.0140, -0.0231,  0.0069, -0.0239, -0.0038,  0.0435,
          -0.0386,  0.0101,  0.0044, -0.0173,  0.1130,  0.0132,  0.0387,
           0.0205,  0.0264,  0.0073,  0.0056, -0.1122,  0.0180,  0.0239,
          -0.0009,  0.0478]]], device='cuda:0', requires_grad=True)
Param: patch_embed.projection.weight
	Parameter containing:
tensor([[[[-0.1655,  0.0274,  0.1378,  0.1853],
          [ 0.0569, -0.2250, -0.2425, -0.0124],
          [ 0.0627, -0.1269,  0.0771, -0.1008],
          [ 0.1155, -0.2139,  0.1620,  0.1389]]],


        [[[-0.0191,  0.1201,  0.0454, -0.0122],
          [-0.1972, -0.0796, -0.0243, -0.1690],
          [-0.0323, -0.2068,  0.1553,  0.1734],
          [ 0.1334,  0.2466, -0.1428,  0.0323]]],


        [[[-0.0143, -0.0733,  0.0077, -0.0984],
          [-0.0600,  0.0853, -0.0650,  0.0205],
          [-0.1683,  0.0705, -0.2339,  0.1932],
          [ 0.2436,  0.0071,  0.1372, -0.0480]]],


        ...,


        [[[-0.1938,  0.1234,  0.1533, -0.1109],
          [ 0.2413,  0.1572, -0.0377,  0.0911],
          [-0.0098, -0.0543, -0.1549, -0.2130],
          [ 0.0915, -0.0260,  0.0483, -0.1058]]],


        [[[ 0.2163, -0.1736,  0.0497,  0.1769],
          [ 0.2572,  0.1115, -0.1469, -0.0024],
          [ 0.1005, -0.1347, -0.1354, -0.1151],
          [-0.1610, -0.0454, -0.0223,  0.1574]]],


        [[[ 0.2402,  0.2041,  0.0677, -0.1107],
          [-0.1111,  0.1878,  0.0466,  0.0117],
          [-0.0249, -0.2038, -0.0979,  0.0728],
          [-0.2181,  0.1287,  0.1362, -0.1289]]]], device='cuda:0',
       requires_grad=True)
Param: patch_embed.projection.bias
	Parameter containing:
tensor([ 0.1745, -0.1374,  0.0168, -0.1596,  0.0800, -0.1057,  0.0474,  0.0385,
         0.0789, -0.1582, -0.0940,  0.0910,  0.0367, -0.0292,  0.0516, -0.1617,
         0.0550, -0.0215,  0.1403,  0.0646, -0.1581, -0.0399, -0.1926,  0.1940,
        -0.1754, -0.1779,  0.1240,  0.1447,  0.1122, -0.0591,  0.0881, -0.0303,
        -0.0686, -0.0924,  0.0357, -0.1094, -0.0875, -0.1575, -0.0881,  0.0153,
        -0.0351, -0.1651, -0.0072, -0.0007, -0.1559, -0.1234, -0.0777, -0.1886,
         0.0645,  0.1106, -0.0535, -0.0319, -0.0988, -0.1013,  0.1069, -0.1468,
        -0.1596,  0.1670,  0.0204,  0.0948, -0.1003, -0.1685,  0.1818, -0.0901,
        -0.1236, -0.1632, -0.1575, -0.0530,  0.0737,  0.1097, -0.1782,  0.1370,
        -0.0460, -0.1043,  0.0088,  0.0766,  0.0829,  0.0162,  0.1053,  0.1154,
        -0.1169, -0.0738, -0.0131, -0.0955, -0.1555,  0.0603,  0.0808,  0.0849,
        -0.0286, -0.1063, -0.1775, -0.2292, -0.0709,  0.1098, -0.0343,  0.0820,
        -0.0421,  0.0555,  0.0128,  0.1621, -0.0906,  0.0133,  0.0777,  0.1119,
         0.1233, -0.1424,  0.0649,  0.1432, -0.0582, -0.1802,  0.1236,  0.0244,
         0.0493, -0.1228,  0.1384,  0.0221,  0.0159, -0.0796,  0.1307, -0.0382,
         0.0265, -0.0036,  0.0109,  0.0294, -0.0627,  0.0018, -0.0762, -0.0845],
       device='cuda:0', requires_grad=True)
Param: pos_encoder.position_embeddings
	Parameter containing:
tensor([[[-0.0059,  0.0858, -0.0397,  ...,  0.0177,  0.0234,  0.0094],
         [-0.0657,  0.0437,  0.0697,  ..., -0.0383, -0.0267, -0.1538],
         [-0.0969, -0.0343, -0.1063,  ...,  0.0212,  0.1330, -0.0500],
         ...,
         [-0.0028, -0.0079, -0.0106,  ...,  0.0074,  0.0114, -0.0046],
         [ 0.0050,  0.0225,  0.0127,  ...,  0.0240, -0.0274, -0.0051],
         [-0.0280,  0.0150, -0.0129,  ..., -0.0053,  0.0027, -0.0171]]],
       device='cuda:0', requires_grad=True)
Param: transformer_encoder.layers.0.self_attn.in_proj_weight
	Parameter containing:
tensor([[ 0.0687, -0.0687,  0.0687,  ..., -0.0687, -0.0687, -0.0687],
        [ 0.0687,  0.0687,  0.0687,  ...,  0.0687,  0.0687,  0.0687],
        [ 0.0687, -0.0687,  0.0687,  ...,  0.0687, -0.0687, -0.0687],
        ...,
        [ 0.0687,  0.0687,  0.0687,  ...,  0.0687,  0.0687,  0.0687],
        [-0.0687, -0.0687,  0.0687,  ...,  0.0687,  0.0687,  0.0687],
        [ 0.0687,  0.0687, -0.0687,  ..., -0.0687, -0.0687,  0.0687]],
       device='cuda:0', requires_grad=True)
Param: transformer_encoder.layers.0.self_attn.in_proj_bias
	Parameter containing:
tensor([ 3.8389e-01, -3.4377e-01,  3.6969e-01,  3.0799e-01,  4.4619e-01,
         3.0240e-01, -4.3206e-01,  3.6143e-01,  3.9127e-01, -2.6575e-01,
         4.2920e-01,  4.2890e-01,  3.9634e-01,  4.1097e-01,  3.3964e-01,
        -3.1553e-01,  4.4383e-01, -3.7648e-01,  3.6646e-01,  3.3021e-01,
         3.8937e-01,  3.3711e-01, -3.4490e-01,  3.8557e-01,  3.1777e-01,
         3.8886e-01,  3.6203e-01, -3.9150e-01,  3.9108e-01,  2.3093e-01,
        -3.3460e-01,  3.8425e-01,  3.8266e-01, -3.5189e-01, -3.7692e-01,
        -3.7004e-01, -4.2060e-01,  4.2123e-01, -4.3262e-01, -4.1145e-01,
         4.5699e-01,  4.7376e-01, -3.6813e-01,  4.5971e-01,  4.4610e-01,
        -5.2455e-01, -3.7331e-01,  4.2088e-01,  1.6627e-01,  3.7040e-01,
        -4.2954e-01, -4.3023e-01,  4.2067e-01,  3.7058e-01,  3.6331e-01,
         4.6952e-01, -3.6929e-01,  4.0131e-01, -4.1420e-01,  3.9647e-01,
         4.6924e-01,  3.7070e-01,  4.2906e-01, -4.1961e-01, -8.0419e-02,
         1.6449e-01, -3.5369e-01,  1.2135e-01,  1.1539e-02,  4.7155e-01,
         2.5944e-02,  4.6455e-01, -1.1569e-01, -1.4495e-01,  4.7033e-01,
         3.3978e-01,  2.8912e-01,  4.1263e-01, -5.1860e-01, -2.2421e-01,
         4.3017e-01,  1.2945e-01,  2.9145e-01, -2.9836e-01, -4.0629e-01,
         3.8657e-01,  3.3628e-01,  3.4785e-01,  3.9972e-01,  1.9467e-01,
        -4.5560e-01,  4.7866e-01,  4.3792e-01, -3.8156e-01, -3.8695e-01,
        -2.4348e-02,  5.3186e-01,  4.6235e-01, -5.0437e-01,  4.7510e-01,
        -4.5616e-01, -5.0785e-01,  4.9568e-01,  3.1855e-01,  4.4077e-01,
         5.8705e-01, -3.9770e-01, -3.9326e-01, -5.5195e-01, -4.5299e-01,
         4.3166e-01, -4.5161e-01, -4.6155e-01,  5.2026e-01,  3.6682e-01,
        -4.4769e-01, -4.1553e-01, -4.3838e-01, -1.3497e-01, -4.3599e-01,
        -5.0530e-01,  5.3515e-01, -2.6410e-01, -3.6763e-01, -5.3565e-01,
         3.7598e-01,  3.2369e-01,  4.6400e-01, -1.0574e-03, -2.0565e-03,
         9.6070e-04,  7.9308e-05, -1.0390e-03,  4.5989e-04,  8.0518e-04,
        -4.0527e-04, -1.3011e-03,  1.2466e-03, -6.5401e-04,  1.2558e-03,
        -1.9424e-03,  1.1386e-03,  3.8499e-04,  1.3731e-04,  6.6567e-04,
        -1.0240e-04,  9.8380e-04, -4.5274e-04, -2.4148e-04, -2.1864e-04,
        -1.1452e-03,  1.3669e-03,  1.2860e-03,  1.5026e-03,  1.0082e-03,
        -1.6649e-03,  1.7565e-03, -8.1036e-04,  1.6764e-04,  5.2937e-04,
        -1.0158e-03,  5.2027e-04, -5.5501e-04,  3.7533e-04,  1.9813e-03,
        -9.1873e-04,  2.9370e-04, -5.0461e-04, -6.2124e-04, -1.1489e-03,
         3.0872e-04, -1.0678e-03,  1.9809e-05, -2.2131e-03, -8.1022e-04,
        -2.0253e-04,  1.9566e-04, -1.1600e-03,  2.1153e-03,  2.8696e-03,
        -6.9951e-04, -1.3321e-03, -3.1079e-04,  4.5850e-04, -8.0234e-04,
         1.9702e-03, -5.1268e-04,  4.2328e-04, -2.4615e-03,  2.8948e-04,
        -7.2782e-04,  2.7284e-03,  3.4085e-04, -5.2247e-05,  4.8229e-04,
         5.5463e-05, -8.3628e-04, -1.2625e-03, -6.5809e-04, -1.2714e-03,
        -1.5942e-04,  1.3441e-03, -9.6647e-04, -1.1612e-04,  1.2690e-03,
        -3.5794e-04, -1.0781e-04, -7.0097e-04,  1.5128e-03, -1.1036e-03,
        -4.3144e-04,  9.6139e-04,  4.2329e-04,  9.2002e-04, -1.1740e-03,
        -2.2742e-03, -2.4231e-03, -2.6662e-05,  1.1028e-03, -1.4264e-03,
        -1.0471e-03, -3.8248e-04,  1.2251e-03, -1.8506e-05, -1.4500e-04,
        -2.4045e-04,  5.9554e-05, -4.8964e-05, -9.5416e-04,  1.0987e-03,
         2.0659e-03,  2.4883e-03, -3.4794e-04,  1.7800e-04,  6.3976e-05,
        -1.3530e-03,  1.3478e-03,  4.4992e-04, -4.8452e-04, -7.1727e-04,
        -1.3280e-04, -3.1302e-05,  3.6819e-04,  7.9417e-04, -2.1308e-03,
        -1.6620e-03, -1.9458e-04,  1.2652e-03, -2.5100e-04,  7.5335e-05,
         5.3961e-04, -2.8645e-04, -6.7144e-04,  8.6323e-04, -2.5828e-04,
        -4.5579e-04,  3.0305e-02, -2.7955e-03, -2.3773e-02, -1.6014e-02,
        -9.2820e-04,  2.6977e-02,  8.2943e-04,  1.4844e-02,  1.9704e-02,
         1.9138e-03,  1.4740e-02,  1.0781e-02,  3.7015e-02,  1.8533e-02,
         1.1063e-02,  1.9477e-02, -1.3967e-02,  8.9838e-03, -2.6923e-02,
         2.7928e-03, -2.0378e-02, -2.3487e-03, -2.2000e-03, -1.3904e-02,
        -2.7038e-02, -5.5189e-04, -3.9899e-03,  4.0932e-03,  6.3584e-03,
         2.5526e-02, -1.4835e-02,  1.1824e-02,  2.1891e-02, -5.6515e-03,
        -3.5655e-03,  8.8974e-03,  2.1061e-02,  1.7869e-02,  5.2058e-03,
         1.6311e-02,  3.4787e-03, -3.4139e-02, -5.4753e-05, -3.8945e-02,
         9.5839e-03,  4.1083e-03,  7.1212e-03, -9.7730e-03, -1.6012e-02,
         2.3426e-04, -2.6470e-03,  1.2949e-02,  1.8986e-03,  1.0244e-02,
         1.9685e-02, -2.1918e-03,  7.7666e-03,  3.9002e-02,  1.8156e-02,
        -1.1781e-02,  5.5995e-03, -5.6999e-03, -1.1168e-02,  2.2932e-02,
         2.1664e-02,  2.4824e-03, -2.4257e-02,  1.7349e-03,  2.1748e-02,
        -2.4123e-03, -1.9291e-03, -1.3086e-02,  2.1827e-02, -2.9187e-03,
         1.0447e-02, -1.6034e-02, -1.7521e-02, -2.1104e-02,  1.7181e-03,
        -1.0336e-02,  1.3460e-02, -8.6939e-03, -2.6006e-04,  2.1088e-02,
         2.7250e-02, -3.7991e-02, -2.9973e-03,  6.3445e-03,  3.0185e-02,
        -3.6948e-02,  5.4209e-03,  6.5684e-03,  1.2437e-02,  1.3184e-02,
         3.0383e-02, -1.9781e-03, -9.5335e-04,  9.2310e-03,  2.3849e-02,
        -2.0966e-02, -7.2728e-04, -9.7190e-03,  6.9905e-03, -1.8543e-02,
         1.3612e-02,  6.6708e-04,  1.7569e-02,  3.2270e-02,  1.6488e-02,
         3.0238e-02, -1.1035e-02, -2.9893e-04,  1.1863e-02,  1.7330e-04,
        -2.9740e-02, -2.5725e-02, -3.4300e-03,  1.9268e-02,  2.4862e-02,
        -7.5045e-03,  4.7950e-03, -1.1204e-02, -7.0906e-03, -2.8191e-03,
         1.8688e-02,  2.1146e-02,  3.5502e-02,  1.0623e-02], device='cuda:0',
       requires_grad=True)
Param: transformer_encoder.layers.0.self_attn.out_proj.weight
	Parameter containing:
tensor([[ 0.0462,  0.0462,  0.0462,  ..., -0.0462, -0.0462,  0.0462],
        [ 0.0462, -0.0462,  0.0462,  ...,  0.0462, -0.0462,  0.0462],
        [-0.0462,  0.0462,  0.0462,  ...,  0.0462,  0.0462,  0.0462],
        ...,
        [-0.0462,  0.0462,  0.0462,  ..., -0.0462, -0.0462, -0.0462],
        [ 0.0462,  0.0462,  0.0462,  ..., -0.0462, -0.0462, -0.0462],
        [-0.0462,  0.0462, -0.0462,  ..., -0.0462,  0.0462,  0.0462]],
       device='cuda:0', requires_grad=True)
Param: transformer_encoder.layers.0.self_attn.out_proj.bias
	Parameter containing:
tensor([ 0.0033,  0.0004, -0.0217, -0.0179,  0.0254, -0.0432,  0.0244, -0.0282,
         0.0344,  0.0097, -0.0081,  0.0246,  0.0035, -0.0138,  0.0299, -0.0353,
        -0.0183,  0.0061, -0.0232,  0.0011,  0.0049, -0.0197, -0.0208,  0.0200,
        -0.0212, -0.0089,  0.0157, -0.0303,  0.0023,  0.0183, -0.0318, -0.0257,
         0.0088,  0.0226, -0.0018,  0.0320, -0.0265,  0.0179,  0.0145,  0.0180,
        -0.0068,  0.0240, -0.0003, -0.0003, -0.0069, -0.0117,  0.0083, -0.0124,
        -0.0092,  0.0242, -0.0425,  0.0045,  0.0031,  0.0148,  0.0130, -0.0100,
         0.0003,  0.0170,  0.0177, -0.0065, -0.0101,  0.0268,  0.0359,  0.0297,
        -0.0182,  0.0121, -0.0061, -0.0083,  0.0179,  0.0102, -0.0073, -0.0079,
         0.0088,  0.0018, -0.0118, -0.0229, -0.0082, -0.0363, -0.0241,  0.0057,
         0.0252, -0.0393,  0.0178,  0.0095, -0.0049, -0.0024, -0.0449,  0.0065,
         0.0130, -0.0573, -0.0186,  0.0080, -0.0237, -0.0077, -0.0002, -0.0087,
        -0.0169, -0.0013,  0.0225, -0.0221,  0.0090, -0.0048,  0.0105, -0.0128,
         0.0134, -0.0059,  0.0258, -0.0140, -0.0112,  0.0162,  0.0024,  0.0207,
        -0.0048,  0.0194,  0.0052,  0.0128,  0.0512,  0.0250, -0.0114, -0.0256,
        -0.0003,  0.0366,  0.0036, -0.0195,  0.0333, -0.0084, -0.0225, -0.0103],
       device='cuda:0', requires_grad=True)
Param: transformer_encoder.layers.0.linear1.weight
	Parameter containing:
tensor([[-0.0538, -0.0538,  0.0538,  ...,  0.0538, -0.0538, -0.0538],
        [-0.0538,  0.0538,  0.0538,  ..., -0.0538,  0.0538, -0.0538],
        [ 0.0538,  0.0538, -0.0538,  ...,  0.0538, -0.0538, -0.0538],
        ...,
        [ 0.0538, -0.0538,  0.0538,  ...,  0.0538, -0.0538, -0.0538],
        [-0.0538,  0.0538, -0.0538,  ...,  0.0538,  0.0538, -0.0538],
        [-0.0538, -0.0538, -0.0538,  ..., -0.0538,  0.0538, -0.0538]],
       device='cuda:0', requires_grad=True)
Param: transformer_encoder.layers.0.linear1.bias
	Parameter containing:
tensor([ 0.0195, -0.0930, -0.1222,  0.1394, -0.0903, -0.0007, -0.0651,  0.0219,
        -0.0748, -0.2126, -0.1115, -0.0163,  0.0130, -0.1011, -0.0387, -0.0207,
        -0.0213, -0.1441, -0.0348, -0.1205, -0.0513, -0.0930, -0.0672, -0.0369,
         0.0882,  0.1885, -0.1333, -0.0173, -0.0675, -0.0385,  0.0443,  0.0604,
         0.0738, -0.0890, -0.0778,  0.0811, -0.0346,  0.0959, -0.0223, -0.0637,
         0.0840, -0.0385,  0.0362, -0.0438, -0.1044, -0.0799,  0.0031, -0.1308,
        -0.0859, -0.0697, -0.1666, -0.0022, -0.0683, -0.1502, -0.2457, -0.0194,
        -0.0707,  0.0521, -0.0070, -0.1595, -0.1030,  0.0983, -0.1775,  0.0029,
        -0.0161, -0.2129, -0.1358, -0.0400, -0.0501,  0.0243,  0.0158, -0.0925,
        -0.0519, -0.0974,  0.0707,  0.1010, -0.1156, -0.0829, -0.0813, -0.0645,
        -0.0011,  0.1164, -0.0159,  0.1092, -0.0071,  0.0098, -0.1906, -0.0787,
         0.0198, -0.1371,  0.0517,  0.0969, -0.0411,  0.0261, -0.0194,  0.0414,
         0.0049,  0.0507, -0.1059,  0.0298, -0.0532,  0.0563, -0.0647, -0.1190,
        -0.0260, -0.1089, -0.0226, -0.0804,  0.0625, -0.0252, -0.0010, -0.0797,
         0.0045, -0.0391, -0.1431, -0.0165,  0.0494, -0.1057,  0.0187, -0.1614,
        -0.0609,  0.0174, -0.1921, -0.0354, -0.0330, -0.1697, -0.1161, -0.0418,
        -0.0972, -0.1146, -0.0666, -0.0752,  0.0233,  0.0645, -0.0864, -0.0897,
         0.0080, -0.2099, -0.0839, -0.0204,  0.0816,  0.0642,  0.0708, -0.0354,
        -0.0255, -0.0387,  0.0256,  0.0598, -0.0029, -0.2047, -0.0734, -0.1436,
        -0.1388, -0.0445, -0.0795, -0.0503, -0.1316, -0.1647,  0.0539,  0.0226,
        -0.1185, -0.0690,  0.0275, -0.0888, -0.2272,  0.0493, -0.0701,  0.0259,
        -0.0244,  0.0017, -0.0766, -0.1763, -0.0333, -0.0721, -0.0886, -0.0616,
        -0.0973, -0.1722,  0.1219, -0.0487,  0.0276,  0.0021, -0.0162,  0.0521,
         0.0602,  0.0239, -0.0441, -0.1792,  0.0914, -0.0194, -0.0524, -0.0806,
         0.0789,  0.0078, -0.1681, -0.0263, -0.0125, -0.0608, -0.1176, -0.1379,
        -0.1163,  0.1531, -0.0976, -0.1224,  0.0180, -0.1059, -0.1990,  0.0095,
        -0.0566, -0.1522, -0.0196, -0.1518, -0.1341, -0.0678,  0.0689,  0.0258,
         0.0402,  0.0195, -0.2677, -0.0082, -0.0480, -0.0119, -0.0431, -0.0806,
        -0.0746,  0.0588, -0.1154,  0.0165, -0.1715,  0.0757, -0.0211, -0.0515,
         0.0496, -0.0560, -0.2714, -0.0588, -0.1136, -0.0088, -0.0014, -0.0311,
        -0.0429, -0.0775, -0.1358, -0.0041,  0.0657, -0.0385, -0.0228,  0.0121,
        -0.1337, -0.0344,  0.0146, -0.0439, -0.0366,  0.0363,  0.0769, -0.0298],
       device='cuda:0', requires_grad=True)
Param: transformer_encoder.layers.0.linear2.weight
	Parameter containing:
tensor([[ 0.0427,  0.0427,  0.0427,  ..., -0.0427, -0.0427,  0.0427],
        [ 0.0427,  0.0427,  0.0427,  ..., -0.0427,  0.0427,  0.0427],
        [ 0.0427,  0.0427, -0.0427,  ...,  0.0427,  0.0427,  0.0427],
        ...,
        [-0.0427,  0.0427, -0.0427,  ...,  0.0427,  0.0427, -0.0427],
        [ 0.0427, -0.0427, -0.0427,  ..., -0.0427,  0.0427,  0.0427],
        [ 0.0427, -0.0427, -0.0427,  ..., -0.0427,  0.0427,  0.0427]],
       device='cuda:0', requires_grad=True)
Param: transformer_encoder.layers.0.linear2.bias
	Parameter containing:
tensor([-2.9818e-02, -1.2040e-02,  5.4517e-02,  9.1081e-03, -1.2656e-02,
        -4.9894e-04, -5.1919e-02,  9.9463e-02, -1.9596e-02,  8.7851e-02,
         3.5055e-02,  3.0577e-02, -6.1668e-02,  2.1544e-02, -9.9443e-03,
         1.2648e-02,  3.1227e-03, -3.5253e-02, -6.1739e-02,  4.7837e-02,
        -7.2410e-03,  3.5415e-03, -2.4649e-02,  2.3562e-03,  1.0605e-02,
         5.4147e-02, -1.2683e-02, -5.5430e-02, -1.6083e-02,  8.4808e-02,
        -1.9056e-02, -5.3453e-02, -5.2220e-02,  9.1492e-02,  1.5629e-02,
        -3.0886e-02,  9.0188e-02, -5.9076e-03,  4.1101e-02,  1.5342e-02,
         5.8724e-03,  2.5708e-03, -8.0928e-03, -1.8641e-03,  1.7815e-02,
        -4.9087e-02, -7.4355e-02,  7.7583e-02, -2.7730e-02,  2.1602e-02,
        -7.9745e-02,  5.6054e-02, -6.1152e-03,  1.4235e-02,  2.3382e-02,
        -1.6878e-02, -7.9610e-03, -5.6982e-02,  1.9272e-02, -8.9552e-03,
        -3.1640e-02, -8.7834e-02, -2.6388e-02, -7.9188e-02,  3.1337e-02,
         4.1429e-02, -4.6795e-02,  7.5520e-02,  3.3818e-02, -1.7587e-02,
         6.9486e-02, -5.1449e-02, -7.4766e-02,  1.7741e-02,  3.9659e-02,
        -1.3140e-02,  6.7987e-02,  1.2607e-02, -3.9740e-02,  1.0217e-01,
         6.7972e-02,  3.1117e-03, -6.1992e-02,  4.4686e-03, -3.5642e-03,
         1.1504e-02,  3.2834e-02, -1.8922e-03, -1.5337e-02,  6.9245e-03,
         4.0756e-04,  6.4729e-02,  3.3080e-02,  1.2397e-02, -1.7296e-02,
         4.2224e-02,  6.2422e-02,  6.9668e-03, -1.1167e-01, -2.4601e-02,
         5.9997e-02, -4.6223e-02,  9.6792e-03,  3.2022e-02,  4.3034e-02,
         2.7724e-02,  4.7758e-02,  3.9701e-02, -2.7865e-02, -1.2127e-02,
         5.7435e-02, -1.2717e-02,  4.3855e-02, -5.8006e-02, -8.5765e-02,
        -6.1720e-03,  7.5315e-02,  5.9808e-02, -3.4485e-02,  1.1413e-02,
         7.2960e-05, -6.1693e-03, -6.5352e-04,  1.8062e-02, -1.1294e-02,
        -4.4957e-02,  2.2813e-02, -2.9584e-02], device='cuda:0',
       requires_grad=True)
Param: transformer_encoder.layers.0.norm1.weight
	Parameter containing:
tensor([1.1068, 1.0171, 1.0101, 1.0284, 1.0777, 0.9638, 0.9628, 1.0871, 0.9706,
        0.8692, 0.8542, 1.0549, 0.9939, 0.9752, 1.0415, 0.9578, 0.9159, 0.7902,
        1.0706, 0.9688, 0.9917, 1.0822, 1.0236, 0.9790, 0.9785, 1.0021, 1.0947,
        1.0962, 1.0715, 0.9983, 0.9431, 0.8663, 0.9445, 0.8987, 1.0002, 1.0185,
        1.0196, 1.0603, 1.0627, 1.0423, 1.0156, 1.0701, 1.0853, 1.0832, 0.9235,
        1.0245, 0.9359, 0.9785, 1.0480, 0.9296, 0.9326, 0.9885, 1.0803, 0.9939,
        1.0147, 0.9683, 0.8726, 1.0948, 1.0086, 0.8676, 1.0151, 1.0817, 1.1131,
        1.1874, 1.0539, 0.9509, 0.9376, 1.0304, 0.8239, 0.9747, 1.1266, 1.0082,
        0.9956, 1.0337, 1.0523, 1.0119, 0.9930, 0.9738, 0.9619, 1.0639, 1.0553,
        0.8963, 1.0317, 0.8884, 0.9296, 0.9392, 1.0209, 0.7548, 1.1787, 1.0478,
        1.0122, 0.9428, 0.9623, 0.9770, 0.8337, 0.9339, 1.0499, 1.0378, 1.0457,
        0.8632, 1.1164, 1.1184, 0.9853, 0.9920, 0.9975, 0.9915, 0.9325, 0.8720,
        1.0050, 0.9857, 1.0435, 0.9777, 0.9440, 1.1371, 1.0761, 1.1995, 1.0939,
        1.0241, 0.9019, 1.0435, 1.0117, 0.9911, 1.1072, 1.0973, 1.0540, 1.0836,
        0.9729, 1.0213], device='cuda:0', requires_grad=True)
Param: transformer_encoder.layers.0.norm1.bias
	Parameter containing:
tensor([-0.0108,  0.0126,  0.0258, -0.0260,  0.0682, -0.0321, -0.0237,  0.0010,
         0.0685,  0.0450,  0.0286, -0.0007,  0.0109, -0.0056, -0.0191, -0.0172,
        -0.0065,  0.0215, -0.0327,  0.0610, -0.0082,  0.0046, -0.0093, -0.0006,
        -0.0114, -0.0018,  0.0398, -0.0032,  0.0018,  0.0265,  0.0064, -0.0585,
        -0.0059,  0.0152,  0.0104,  0.0202, -0.0154,  0.0268, -0.0204,  0.0881,
        -0.0454, -0.0141,  0.0181,  0.0145, -0.0106, -0.0018, -0.0098, -0.0037,
         0.0354,  0.0551,  0.0142, -0.0410,  0.0022, -0.0096,  0.0135,  0.0287,
        -0.0001, -0.0068,  0.0087, -0.0209,  0.0042,  0.0354,  0.0058,  0.0061,
         0.0024, -0.0465, -0.0080,  0.0078, -0.0064,  0.0136, -0.0396, -0.0716,
         0.0091,  0.0128, -0.0361, -0.0286, -0.0083, -0.0162, -0.0452,  0.0549,
         0.0237, -0.0412,  0.0025,  0.0064, -0.0357, -0.0553, -0.0476, -0.0215,
         0.0149, -0.0538, -0.0020, -0.0067, -0.0165, -0.0110,  0.0045,  0.0127,
        -0.0213, -0.0087, -0.0145, -0.0088,  0.0429,  0.0135,  0.0126,  0.0086,
        -0.0128,  0.0091,  0.0094,  0.0356, -0.0033, -0.0135, -0.0216,  0.0357,
        -0.0070,  0.0272, -0.0182,  0.0046,  0.0375,  0.0477,  0.0267, -0.0453,
        -0.0175,  0.0335,  0.0011, -0.0435,  0.0331, -0.0021, -0.0107, -0.0128],
       device='cuda:0', requires_grad=True)
Param: transformer_encoder.layers.0.norm2.weight
	Parameter containing:
tensor([1.2103, 1.0245, 1.0795, 1.1287, 1.0440, 1.0211, 1.0283, 1.0688, 1.0504,
        1.0207, 1.0406, 1.0999, 1.0571, 1.1755, 1.0367, 1.0075, 0.9982, 0.9736,
        1.1057, 1.0269, 1.1023, 1.1057, 1.0630, 1.0396, 1.0170, 1.0204, 1.1365,
        1.1577, 1.0246, 1.0940, 1.0462, 1.0386, 1.0280, 0.8865, 1.0966, 1.1999,
        1.1032, 1.1405, 0.9814, 1.1158, 1.2097, 1.1531, 1.1385, 0.9909, 0.9161,
        1.0658, 1.1139, 1.0606, 1.1253, 1.0054, 1.0712, 1.0730, 1.1548, 1.0401,
        0.9577, 0.9628, 1.0019, 1.0053, 1.0387, 0.9908, 1.1553, 1.1632, 1.0500,
        1.1052, 1.0443, 0.9957, 1.0600, 1.0797, 0.8870, 1.0249, 1.1020, 1.1038,
        1.1317, 0.9353, 1.1143, 1.0139, 1.0047, 1.0987, 1.0067, 1.0867, 1.0842,
        1.0479, 1.1352, 1.0390, 1.0270, 1.0777, 1.0824, 0.9879, 1.2083, 1.1260,
        1.0317, 1.0229, 1.0638, 1.0906, 0.9736, 1.1202, 0.9718, 1.0262, 1.0515,
        1.0756, 1.0978, 1.1790, 1.0075, 0.9715, 1.0076, 0.9706, 1.0124, 1.0135,
        1.0170, 0.9807, 1.1042, 1.0363, 1.0378, 1.0763, 1.1475, 1.0219, 1.1476,
        1.0293, 1.0461, 1.1715, 1.1594, 1.0629, 1.2642, 1.0864, 1.0613, 1.0294,
        0.9659, 1.0366], device='cuda:0', requires_grad=True)
Param: transformer_encoder.layers.0.norm2.bias
	Parameter containing:
tensor([ 0.0316, -0.0674,  0.0360,  0.0080,  0.0530, -0.0332, -0.0216, -0.0080,
         0.0569, -0.0098, -0.0440,  0.0022, -0.0082, -0.0315, -0.0403, -0.0044,
        -0.0369, -0.0033, -0.0446,  0.0056, -0.0202, -0.0535,  0.0151, -0.0363,
        -0.0008,  0.0151,  0.0305, -0.0497, -0.0072,  0.0440, -0.0187, -0.0265,
         0.0436,  0.0424,  0.0046,  0.0079,  0.0350,  0.0405,  0.0217,  0.0795,
        -0.0402, -0.0268,  0.0048,  0.0514,  0.0241,  0.0392,  0.0095,  0.0286,
         0.0525,  0.0728, -0.0338, -0.0051, -0.0093, -0.0230, -0.0078,  0.0225,
         0.0096, -0.0398, -0.0164, -0.0622, -0.0253, -0.0260, -0.0219, -0.0126,
         0.0418,  0.0101, -0.0142,  0.0515,  0.0176,  0.0052, -0.0142, -0.0688,
         0.0087,  0.0608, -0.0239, -0.0464,  0.0005, -0.0167, -0.0339,  0.0550,
         0.0429, -0.0956, -0.0136,  0.0360,  0.0649, -0.0601, -0.0398, -0.0109,
        -0.0202, -0.0113,  0.0001, -0.0066, -0.0150, -0.0458,  0.0211, -0.0273,
         0.0027, -0.0206, -0.0705, -0.0070,  0.0014,  0.0086, -0.0454,  0.0026,
        -0.0019,  0.0208, -0.0078,  0.0683, -0.0326,  0.0030, -0.0300,  0.0080,
         0.0015, -0.0237, -0.0528,  0.0061,  0.0468,  0.0304, -0.0265, -0.0593,
        -0.0434, -0.0041,  0.0193, -0.0434,  0.0657,  0.0106,  0.0180,  0.0151],
       device='cuda:0', requires_grad=True)
Param: transformer_encoder.layers.1.self_attn.in_proj_weight
	Parameter containing:
tensor([[ 0.0585,  0.0585, -0.0585,  ..., -0.0585, -0.0585, -0.0585],
        [ 0.0585,  0.0585,  0.0585,  ...,  0.0585,  0.0585,  0.0585],
        [ 0.0585, -0.0585,  0.0585,  ...,  0.0585, -0.0585, -0.0585],
        ...,
        [ 0.0585, -0.0585, -0.0585,  ..., -0.0585,  0.0585,  0.0585],
        [-0.0585, -0.0585,  0.0585,  ...,  0.0585, -0.0585,  0.0585],
        [ 0.0585, -0.0585, -0.0585,  ..., -0.0585, -0.0585,  0.0585]],
       device='cuda:0', requires_grad=True)
Param: transformer_encoder.layers.1.self_attn.in_proj_bias
	Parameter containing:
tensor([-1.7920e-01, -1.1410e-01,  2.2473e-01,  2.9527e-01,  3.7695e-02,
         2.2219e-02, -3.7061e-02,  2.0000e-01,  4.1022e-01, -8.3183e-02,
        -2.2255e-01,  2.9874e-01,  2.0174e-01,  1.7986e-01,  2.0629e-01,
        -4.8571e-02,  6.0135e-02, -2.7247e-01, -1.8130e-01,  7.2803e-02,
         9.1734e-02,  8.7295e-02, -1.6628e-01, -4.5808e-02, -3.8679e-03,
         2.7464e-01,  2.5252e-01, -1.0410e-01,  4.6203e-02,  1.8352e-01,
        -2.6078e-02, -7.9923e-02,  7.0171e-02,  1.0750e-01,  2.9274e-02,
         8.8139e-02,  4.5692e-02,  2.5153e-01, -1.1282e-01, -8.0257e-02,
        -3.2819e-02, -3.7132e-02, -6.1360e-02,  2.5001e-01, -3.2710e-02,
         7.8075e-02, -1.8965e-01,  2.0808e-01, -2.3260e-01,  9.5338e-02,
        -1.1186e-01,  3.2594e-02, -5.9714e-02,  1.4456e-01,  6.8435e-02,
        -1.5049e-01, -2.4444e-01,  7.2281e-02,  1.7879e-01,  5.8015e-02,
        -2.4978e-01,  4.0009e-02,  5.6663e-03,  1.3497e-01, -1.8840e-01,
         2.2706e-01, -1.0729e-01,  2.1794e-01, -3.6992e-01, -2.3798e-01,
        -1.0715e-01, -8.1460e-02, -2.2602e-01, -3.6485e-02,  1.1384e-01,
        -2.2106e-01,  3.3334e-01,  3.0195e-01, -1.9304e-01, -4.5513e-01,
         1.2539e-01,  2.9398e-01,  1.1351e-01, -1.7399e-01, -2.0236e-01,
         8.2642e-02, -6.9976e-02, -1.2446e-01,  1.4863e-01, -1.5316e-01,
         1.2872e-01,  2.1300e-01,  1.5063e-01, -1.5375e-01, -3.8994e-01,
        -3.7769e-01, -7.1125e-02, -2.5896e-01,  2.5778e-02, -5.5156e-02,
        -3.0322e-01, -1.5751e-01,  2.4862e-01, -6.7543e-02,  5.2645e-02,
        -8.2402e-02, -2.6231e-01, -3.9513e-01,  1.0538e-01, -3.4765e-01,
        -1.0454e-02, -8.9204e-02, -2.0012e-01, -6.8053e-02,  1.4664e-01,
        -1.7084e-01, -3.3170e-01, -2.3983e-02,  5.7843e-03, -1.7871e-02,
        -1.3363e-01, -1.2654e-01, -2.0390e-01, -2.8572e-01, -3.7100e-02,
        -1.3272e-02,  1.1619e-01,  3.7529e-01, -4.6796e-04,  8.7233e-05,
         4.9580e-03, -1.3770e-04, -3.7050e-04,  3.6698e-05, -5.1514e-04,
        -4.2586e-04, -2.5474e-03, -2.1058e-04,  1.9430e-03,  2.3651e-03,
         4.4206e-05,  2.0433e-03,  3.3115e-04,  4.4808e-04, -8.5801e-03,
         5.5239e-03, -7.5019e-04,  1.9921e-03, -2.0371e-03, -3.7045e-03,
         6.8271e-03, -1.6912e-03,  3.8903e-03, -5.2064e-03, -3.8689e-03,
         5.2631e-03, -5.0497e-03,  5.3371e-03,  7.7866e-03, -6.1224e-03,
         3.9853e-03, -4.1620e-03,  6.3111e-03, -3.1112e-03,  9.0240e-04,
         1.8674e-03, -1.7290e-03,  4.2694e-03,  3.5023e-04, -4.9199e-03,
         3.6045e-03, -3.4225e-03, -6.6448e-04,  2.9283e-04, -2.9811e-03,
         9.2772e-04,  3.4442e-03,  2.6432e-03, -1.1551e-03, -2.6177e-03,
        -1.1136e-03, -5.9973e-04,  2.0808e-04, -7.4324e-04,  2.7835e-03,
         2.0220e-03, -8.4293e-04,  1.3736e-03,  2.3255e-03, -1.1247e-03,
         1.3083e-03,  4.2212e-03, -4.6418e-03,  8.3189e-03, -2.7432e-04,
         8.8536e-05, -2.2224e-03, -3.1116e-03,  1.4206e-03, -6.1987e-04,
         3.0406e-03,  2.1477e-03,  1.1042e-04, -5.3818e-03,  2.4300e-03,
         3.1966e-03, -8.4966e-04, -6.3718e-04, -2.3371e-03, -3.1863e-03,
        -2.9898e-03,  5.3570e-04, -1.5586e-03, -4.6739e-04,  1.1121e-03,
        -1.6947e-04, -1.1313e-03, -2.1689e-03, -7.3831e-03,  8.3530e-04,
         6.5321e-03, -9.5382e-04,  3.5867e-03,  2.9580e-03,  2.5778e-03,
         1.4223e-03, -2.2186e-03,  1.7810e-03,  3.2453e-03, -1.0016e-03,
        -2.7451e-03, -2.9556e-03, -1.1398e-03,  2.6414e-03,  1.1851e-03,
         1.1037e-02,  1.9790e-03,  4.6511e-03,  1.7841e-03,  3.9479e-04,
         5.0117e-03,  6.6623e-04, -3.2404e-03, -6.5203e-04,  2.3910e-03,
         3.4341e-04, -3.6501e-03,  3.3775e-04,  6.7157e-05,  1.5041e-03,
        -1.4423e-03,  2.6183e-03,  2.2309e-03, -2.1368e-03,  1.3724e-03,
        -6.5805e-03, -1.9598e-03,  1.2643e-02, -5.4219e-02,  1.7516e-02,
         3.2030e-02, -2.2331e-02,  3.6293e-02, -3.6906e-02,  1.5710e-02,
         5.9325e-03, -1.6805e-02,  9.8394e-03,  1.3150e-02, -1.6465e-02,
        -1.0860e-02, -2.5773e-02, -2.5438e-02, -9.3956e-03, -4.8304e-03,
         1.1901e-02,  1.9981e-03, -1.2323e-02,  1.4725e-02, -4.7280e-02,
        -8.7543e-03,  9.7920e-03, -3.4350e-02, -7.7199e-02, -1.4049e-02,
         6.9872e-02,  1.8982e-03,  2.1263e-02, -2.9031e-02, -1.1022e-02,
         5.8302e-02,  1.2346e-02,  3.7864e-02,  4.7648e-02,  2.7924e-02,
        -2.9927e-02, -2.6002e-02,  5.5934e-02,  9.2146e-03, -4.0859e-02,
         6.0006e-02,  2.2278e-02,  1.9353e-02, -2.9222e-02, -3.3440e-04,
        -1.4619e-02, -3.6237e-02, -3.9711e-02, -2.9528e-02,  1.3051e-02,
        -2.1500e-02,  1.0476e-02,  6.4856e-02,  7.9515e-03, -3.4576e-02,
         2.7023e-02, -7.2462e-04,  2.3891e-03, -6.2321e-03,  2.2192e-02,
         4.5618e-02,  2.9024e-02,  2.1938e-03, -2.1574e-02, -1.3981e-02,
        -4.6552e-02, -1.0832e-02, -5.2638e-02, -1.9902e-03, -7.5078e-02,
        -1.6322e-02,  1.2860e-02,  4.1986e-02,  1.8779e-03, -4.0477e-03,
        -3.7681e-02,  4.3296e-02, -3.8478e-03, -1.0683e-02,  4.0187e-02,
         3.6177e-02,  2.5650e-02,  4.6876e-03, -7.9041e-03, -7.0204e-02,
        -9.9528e-03,  3.4332e-02, -6.8248e-02,  3.0160e-02, -5.9240e-02,
         3.3739e-02, -2.6440e-02,  3.2780e-02, -5.3822e-03,  5.2643e-02,
        -4.4111e-02,  1.3505e-02,  4.3982e-02,  3.1046e-02,  1.8948e-02,
        -2.3034e-03, -2.8085e-02,  3.2822e-02, -2.9351e-02,  3.5608e-02,
         1.0237e-02,  3.3192e-03, -1.3878e-02,  6.8515e-03,  8.4339e-03,
        -1.5189e-02, -2.0585e-03,  4.9672e-02, -1.5292e-02,  9.2118e-04,
        -1.2623e-02, -2.0253e-02, -8.6462e-03, -1.4283e-02,  2.5111e-03,
        -5.8048e-02,  4.5755e-02,  7.6236e-02, -8.6556e-03], device='cuda:0',
       requires_grad=True)
Param: transformer_encoder.layers.1.self_attn.out_proj.weight
	Parameter containing:
tensor([[ 0.0487,  0.0487,  0.0487,  ..., -0.0487,  0.0487,  0.0487],
        [-0.0487,  0.0487,  0.0487,  ...,  0.0487,  0.0487,  0.0487],
        [-0.0487,  0.0487,  0.0487,  ...,  0.0487,  0.0487, -0.0487],
        ...,
        [-0.0487,  0.0487,  0.0487,  ...,  0.0487, -0.0487,  0.0487],
        [-0.0487, -0.0487,  0.0487,  ..., -0.0487, -0.0487, -0.0487],
        [-0.0487,  0.0487, -0.0487,  ..., -0.0487,  0.0487, -0.0487]],
       device='cuda:0', requires_grad=True)
Param: transformer_encoder.layers.1.self_attn.out_proj.bias
	Parameter containing:
tensor([ 3.1594e-02,  3.8503e-02,  5.5085e-02,  5.2345e-03,  2.1886e-02,
        -7.7252e-02,  3.7924e-02, -5.6432e-02,  4.3982e-02, -2.1713e-03,
        -6.2221e-02,  2.4793e-02,  3.8464e-02,  1.8474e-02,  1.7395e-02,
        -4.1070e-03, -3.1331e-02,  3.4577e-03, -5.3402e-02, -2.2219e-02,
         3.8856e-02, -2.6700e-02,  4.2525e-02,  2.7318e-02,  5.1577e-02,
         3.2279e-02, -1.1409e-02, -3.0292e-02, -1.3079e-02,  1.5935e-02,
        -3.3216e-02, -2.2534e-02,  2.0705e-02, -1.4958e-02,  9.9517e-03,
         4.8060e-02, -1.8628e-02,  1.9324e-02, -1.0903e-02,  3.0104e-02,
        -4.2951e-03, -4.1087e-02, -1.1873e-02, -3.6959e-02, -8.0046e-03,
         4.4654e-02,  4.5647e-02,  8.8501e-03,  1.2572e-02, -1.8180e-02,
        -2.4843e-02,  2.5928e-02, -2.1281e-02,  1.5803e-02,  3.5661e-02,
        -3.7629e-02,  1.8544e-02, -3.1654e-02,  3.0969e-03, -6.0124e-02,
         3.6395e-03,  3.9922e-02, -4.0341e-02,  3.3801e-02,  4.2919e-02,
        -1.8910e-02,  1.8383e-02,  3.0290e-03, -4.8752e-04,  4.7093e-03,
         2.5347e-02, -3.8896e-03,  5.2995e-02,  5.7659e-02, -6.7673e-02,
        -9.8643e-02, -2.5640e-02, -2.3891e-02, -2.1898e-02,  2.3080e-02,
         2.5906e-02,  1.1101e-02,  3.6121e-02,  1.8089e-02,  3.0275e-02,
        -6.1861e-02, -6.0552e-02, -7.3014e-03, -1.2986e-02, -1.0482e-01,
         2.6436e-02,  1.5272e-02, -5.5219e-03, -5.9908e-02, -2.4833e-02,
        -2.6316e-02, -5.6298e-02,  1.2388e-02,  8.8445e-03, -1.6105e-02,
         7.8126e-03,  3.6395e-05, -1.2879e-02,  1.8097e-02,  3.9352e-02,
        -2.1728e-02, -2.6059e-02,  1.6299e-02,  1.0422e-02,  4.2497e-03,
        -1.7669e-02,  6.4361e-03, -1.6264e-02, -3.1184e-02, -4.1402e-02,
        -6.7736e-04,  9.5519e-02,  9.6155e-03,  8.0571e-03, -7.1265e-03,
        -2.9122e-02,  1.4631e-02,  9.1245e-03, -4.1165e-02,  8.6991e-03,
        -4.6085e-03, -2.1378e-02,  3.5292e-02], device='cuda:0',
       requires_grad=True)
Param: transformer_encoder.layers.1.linear1.weight
	Parameter containing:
tensor([[-0.0519, -0.0519,  0.0519,  ...,  0.0519,  0.0519, -0.0519],
        [-0.0519,  0.0519,  0.0519,  ..., -0.0519,  0.0519, -0.0519],
        [-0.0519,  0.0519, -0.0519,  ...,  0.0519, -0.0519,  0.0519],
        ...,
        [ 0.0519, -0.0519,  0.0519,  ...,  0.0519, -0.0519, -0.0519],
        [-0.0519,  0.0519,  0.0519,  ..., -0.0519,  0.0519, -0.0519],
        [-0.0519,  0.0519,  0.0519,  ..., -0.0519,  0.0519,  0.0519]],
       device='cuda:0', requires_grad=True)
Param: transformer_encoder.layers.1.linear1.bias
	Parameter containing:
tensor([ 7.7981e-03, -1.9675e-01,  5.0278e-02, -1.0954e-01, -2.1456e-02,
         9.7995e-03, -8.5526e-02, -1.9875e-04, -1.5178e-02, -9.9217e-02,
        -1.6247e-02,  3.3265e-02,  9.2824e-02, -1.8926e-01,  5.5025e-03,
        -4.2319e-03,  7.4748e-02, -8.5490e-02, -1.6644e-01, -1.1266e-01,
        -1.1701e-01, -3.3122e-02, -6.1658e-02,  3.1474e-02,  5.4669e-04,
        -4.2344e-03, -2.9372e-02, -9.9890e-03, -8.7347e-02, -2.6210e-03,
        -3.7111e-02, -3.9734e-02, -1.3508e-01, -1.1346e-01, -1.2872e-01,
        -8.5506e-02, -1.7174e-02, -3.9095e-02,  2.6794e-02, -4.3207e-02,
         1.2097e-02, -1.3793e-02, -7.5736e-02, -1.2394e-01, -4.8856e-02,
        -3.9738e-02,  1.5118e-03, -2.0017e-01, -5.1882e-02, -3.2295e-02,
        -1.7712e-01,  9.2348e-02, -2.2099e-01, -1.4121e-01, -1.2642e-01,
         9.1130e-02, -9.8761e-02, -7.4497e-02, -6.6860e-02, -1.7354e-01,
        -1.2672e-01, -2.7937e-03, -1.9283e-01, -6.2751e-02, -7.3007e-03,
        -1.6388e-01, -3.1043e-02, -6.2541e-02, -1.0636e-01, -4.1407e-02,
        -9.9374e-02, -1.2067e-01,  2.2456e-02, -6.5695e-02, -5.6312e-02,
        -1.4564e-02, -1.2857e-01, -1.3718e-01, -5.3821e-02, -5.2113e-02,
        -1.9324e-02, -3.1112e-02, -8.0076e-02, -1.1153e-01, -6.8862e-02,
         5.2522e-02, -2.3243e-01, -1.0935e-01,  3.4947e-03, -1.3826e-01,
         5.8569e-02,  5.2359e-02, -1.1349e-01,  6.5267e-03, -1.4333e-01,
         1.9713e-02, -9.3118e-02, -2.5242e-02, -2.0875e-01, -3.5418e-02,
        -5.3880e-02, -3.9438e-02, -2.2541e-02, -2.0507e-01,  6.3165e-02,
        -7.8106e-02, -1.8248e-01, -1.1195e-01, -1.3867e-01, -1.5744e-01,
        -4.7414e-02, -2.2517e-01, -1.3577e-01, -1.1971e-01, -9.7387e-03,
         6.6263e-02,  2.1154e-02, -6.2891e-02, -8.2143e-03, -8.3689e-02,
        -8.1674e-02, -5.4499e-02, -1.2906e-01, -5.8051e-02,  3.7723e-02,
        -5.8807e-02, -1.0624e-01, -5.5533e-02, -1.6532e-01, -9.3274e-02,
        -6.8594e-02, -1.0295e-01,  3.6406e-03,  3.2261e-02, -7.3329e-02,
        -8.4716e-02, -3.5366e-02, -1.2414e-01, -9.9313e-02, -7.3875e-02,
        -3.0157e-02,  3.9171e-02, -2.3651e-04, -2.1093e-01, -1.5116e-01,
        -6.0902e-02, -1.1360e-02,  4.6009e-02, -4.3006e-02, -5.8559e-02,
         1.4051e-02, -5.9271e-02, -1.0171e-01, -9.4575e-02, -9.9943e-02,
         5.7082e-02, -7.5771e-02, -1.9005e-01,  1.2935e-01,  2.7088e-02,
        -2.0655e-01, -6.5322e-02,  8.5275e-03, -3.2311e-02, -1.1737e-01,
        -4.3187e-02, -1.5552e-02, -3.6900e-02, -3.6335e-02, -1.8299e-01,
        -6.9542e-02, -1.4938e-01, -1.2900e-01, -1.2266e-01, -3.8500e-02,
         3.1387e-02, -2.5163e-02, -1.1253e-01,  9.1002e-02,  3.2359e-02,
         1.1888e-02, -1.6484e-01, -6.7950e-02, -2.6109e-02, -2.6774e-03,
         6.7175e-02, -1.1484e-02, -5.7537e-02,  1.3918e-02, -1.0443e-01,
        -1.7927e-01, -5.9346e-02, -1.8084e-01, -5.7774e-02, -2.1821e-02,
        -5.5905e-02, -1.1433e-01, -1.1082e-01, -1.5208e-01, -2.0425e-01,
        -6.4571e-02, -1.3164e-01, -1.6317e-01,  1.8410e-02, -6.2471e-02,
        -1.0331e-01, -1.6631e-01, -1.0564e-01, -5.1020e-03, -1.3381e-01,
        -1.1953e-01, -5.0558e-02, -1.0956e-01, -8.7064e-02, -8.0798e-02,
         1.1064e-01,  7.4305e-04, -3.4530e-02, -1.5903e-01,  7.5014e-02,
        -9.7188e-02, -1.2163e-01, -6.3714e-02, -1.5775e-01, -9.1156e-02,
         2.0251e-02,  8.5657e-04, -1.6751e-01, -2.3820e-01,  6.9918e-02,
         1.0346e-01, -8.1411e-02,  1.1486e-02, -1.7585e-01, -9.9985e-02,
         1.1635e-02, -2.3213e-01, -1.0700e-03, -1.9779e-02, -1.9901e-01,
        -8.5225e-02,  1.9148e-02, -1.0955e-01, -9.9351e-02,  6.4505e-02,
        -1.3849e-01, -5.2041e-02, -4.9048e-02, -5.7476e-02, -8.6734e-02,
         1.7064e-02,  6.2373e-02, -7.9528e-02, -7.1745e-02,  7.8276e-03,
        -9.7648e-03], device='cuda:0', requires_grad=True)
Param: transformer_encoder.layers.1.linear2.weight
	Parameter containing:
tensor([[ 0.0410, -0.0410,  0.0410,  ..., -0.0410, -0.0410,  0.0410],
        [ 0.0410,  0.0410,  0.0410,  ..., -0.0410,  0.0410,  0.0410],
        [-0.0410,  0.0410, -0.0410,  ...,  0.0410,  0.0410,  0.0410],
        ...,
        [-0.0410, -0.0410, -0.0410,  ...,  0.0410,  0.0410,  0.0410],
        [ 0.0410,  0.0410, -0.0410,  ..., -0.0410,  0.0410,  0.0410],
        [ 0.0410, -0.0410, -0.0410,  ..., -0.0410,  0.0410,  0.0410]],
       device='cuda:0', requires_grad=True)
Param: transformer_encoder.layers.1.linear2.bias
	Parameter containing:
tensor([-0.0652,  0.0783,  0.0377,  0.0348, -0.0569, -0.0315, -0.0473,  0.0733,
        -0.0350,  0.0193,  0.0084,  0.0472, -0.0361,  0.0427,  0.0020,  0.0413,
        -0.0106, -0.0521, -0.0972,  0.0171,  0.0126,  0.0332,  0.0449,  0.0314,
         0.0441,  0.0433, -0.0859, -0.0527, -0.0418,  0.0428, -0.0390, -0.0451,
        -0.0294,  0.0305,  0.0071,  0.0320,  0.0724,  0.0183,  0.0386, -0.0401,
        -0.0019, -0.0165,  0.0100, -0.0372,  0.0241,  0.0094, -0.0075,  0.0630,
        -0.0867, -0.0604, -0.0945,  0.0781, -0.0202,  0.0684,  0.0663, -0.0147,
         0.0505, -0.0778,  0.0295, -0.0269, -0.0120,  0.0098, -0.0283, -0.0596,
         0.0108,  0.0537, -0.0256,  0.1004,  0.0463, -0.0173,  0.1044, -0.0128,
        -0.0466,  0.0889,  0.0487, -0.0985,  0.0242, -0.0112, -0.0425,  0.0144,
         0.0432,  0.0360, -0.0821,  0.0098,  0.0286, -0.0151,  0.0117, -0.0006,
        -0.0361, -0.0303,  0.0244,  0.0570,  0.0722, -0.0059, -0.0446,  0.0201,
         0.0231,  0.0030, -0.0270, -0.0543,  0.0561, -0.0531,  0.0349, -0.0130,
         0.0601,  0.0061,  0.0276,  0.0310,  0.0029,  0.0472,  0.0171, -0.0664,
         0.0263, -0.0844, -0.0549,  0.0028,  0.1375,  0.0043, -0.0099,  0.0112,
         0.0207, -0.0144, -0.0292,  0.0094, -0.0654, -0.0631, -0.0348,  0.0218],
       device='cuda:0', requires_grad=True)
Param: transformer_encoder.layers.1.norm1.weight
	Parameter containing:
tensor([1.0204, 0.9679, 0.9199, 1.0907, 0.9924, 1.0627, 1.0342, 1.0361, 0.9889,
        0.9374, 1.0313, 0.9964, 1.0558, 1.0092, 0.9017, 0.9451, 0.9992, 0.9428,
        1.1118, 1.0022, 0.9794, 1.0361, 1.0347, 0.9726, 0.8917, 0.9117, 0.9851,
        1.0163, 1.0221, 1.0063, 0.9564, 0.9572, 0.8811, 0.9795, 1.0378, 1.1982,
        0.9844, 1.1156, 0.9955, 0.9954, 0.9288, 1.0582, 0.9997, 0.8891, 1.0361,
        1.0358, 0.9173, 1.0669, 0.9416, 0.9297, 0.8461, 0.9977, 0.9885, 0.9812,
        0.9718, 1.0209, 1.0519, 0.9278, 1.0925, 1.0263, 0.9658, 0.9839, 1.0483,
        1.1308, 1.0547, 1.0010, 0.9553, 1.0024, 0.9716, 0.9430, 1.0303, 1.0078,
        0.9167, 1.0834, 1.0029, 1.0953, 0.9939, 1.0511, 0.9930, 0.9526, 1.1037,
        0.9061, 0.9721, 1.0714, 0.9565, 1.0338, 1.0706, 1.0308, 1.0184, 1.0245,
        0.9096, 0.8907, 0.8676, 1.0545, 1.0056, 1.0455, 0.9987, 0.9494, 1.0494,
        1.0948, 0.9937, 1.0733, 1.0674, 0.9983, 1.0425, 0.9966, 1.0058, 0.8396,
        0.9860, 0.8646, 0.9427, 0.8736, 1.0267, 0.8952, 1.0324, 1.0283, 1.1298,
        1.0267, 0.9821, 1.0107, 1.0473, 0.9418, 1.0180, 1.0799, 1.0452, 1.0058,
        0.9447, 0.9827], device='cuda:0', requires_grad=True)
Param: transformer_encoder.layers.1.norm1.bias
	Parameter containing:
tensor([ 0.0145,  0.0506,  0.0316,  0.0002,  0.0325, -0.1080,  0.0494, -0.0925,
         0.0599, -0.0029, -0.0349,  0.0376,  0.0410, -0.0021,  0.0121, -0.0432,
        -0.0059, -0.0016, -0.0718, -0.0542,  0.0544, -0.0274,  0.0371,  0.0333,
         0.0369,  0.0289, -0.0072, -0.0328,  0.0010,  0.0081, -0.0244, -0.0532,
         0.0181, -0.0150,  0.0061,  0.0617, -0.0404,  0.0263, -0.0149,  0.0278,
        -0.0236, -0.0448,  0.0202,  0.0043, -0.0059,  0.0583,  0.0418,  0.0085,
         0.0210, -0.0292, -0.0059, -0.0031,  0.0040,  0.0323,  0.0490, -0.0448,
         0.0109, -0.0140,  0.0087, -0.0601, -0.0107,  0.0690, -0.0329,  0.0439,
         0.0220, -0.0457,  0.0493,  0.0184,  0.0100, -0.0129,  0.0365, -0.0245,
         0.0383,  0.0718, -0.0681, -0.1234, -0.0130, -0.0324, -0.0428, -0.0087,
        -0.0021,  0.0061,  0.0763,  0.0300,  0.0508, -0.0555, -0.0882, -0.0249,
        -0.0040, -0.0997,  0.0130, -0.0077, -0.0328, -0.0516,  0.0039, -0.0766,
        -0.0998,  0.0009,  0.0529, -0.0253,  0.0090, -0.0141,  0.0062, -0.0275,
         0.0421, -0.0069, -0.0216,  0.0237,  0.0089, -0.0143, -0.0408,  0.0033,
         0.0017, -0.0146, -0.0144, -0.0054,  0.0996,  0.0039,  0.0239, -0.0117,
        -0.0096,  0.0109,  0.0009, -0.0466,  0.0107, -0.0172, -0.0284,  0.0384],
       device='cuda:0', requires_grad=True)
Param: transformer_encoder.layers.1.norm2.weight
	Parameter containing:
tensor([1.1974, 1.0107, 0.8777, 1.0482, 1.0091, 1.1319, 1.0148, 1.0200, 1.0364,
        1.0356, 1.1155, 1.1037, 1.0282, 1.1486, 0.9769, 1.0025, 1.0205, 1.0618,
        1.1758, 1.0130, 1.0994, 1.0545, 1.0627, 1.0475, 0.9699, 1.0298, 1.0866,
        1.1087, 1.0247, 0.9990, 1.1055, 0.9679, 0.9388, 1.0312, 1.1263, 1.1196,
        0.9958, 1.1682, 1.0987, 1.0871, 1.1012, 1.1430, 1.0586, 0.9436, 1.1544,
        1.0847, 1.0277, 1.1072, 1.0918, 1.0716, 0.8782, 1.0127, 1.0894, 1.0018,
        1.0719, 1.0467, 1.2385, 0.9435, 1.1314, 1.0097, 1.0451, 0.9200, 1.0947,
        0.9480, 1.1364, 1.0523, 1.0258, 1.0357, 0.9881, 1.0580, 1.0940, 1.0178,
        1.1238, 1.1763, 1.0596, 1.1074, 1.0266, 1.0884, 1.0139, 1.0658, 1.1249,
        1.0425, 0.9327, 1.0951, 1.0234, 1.0873, 0.9712, 1.1508, 1.0329, 0.9535,
        0.9416, 0.9534, 0.9348, 1.1490, 1.1008, 1.0454, 0.9168, 1.0818, 1.0382,
        1.1464, 1.0156, 1.1535, 1.0861, 0.9973, 1.0934, 1.0436, 1.1012, 1.0504,
        1.0143, 0.8943, 1.0644, 0.9076, 1.0919, 1.0035, 1.1618, 1.0576, 1.0338,
        1.1294, 1.0338, 1.1038, 1.1072, 1.0260, 1.1201, 1.0157, 1.0757, 1.0340,
        1.0204, 1.0619], device='cuda:0', requires_grad=True)
Param: transformer_encoder.layers.1.norm2.bias
	Parameter containing:
tensor([-0.0026,  0.0449,  0.1032,  0.0228, -0.0174, -0.0237, -0.0632,  0.0553,
        -0.0168, -0.0149, -0.0201,  0.0467, -0.0796, -0.0132, -0.0126, -0.0192,
        -0.0958, -0.0263, -0.0146, -0.0282, -0.0091, -0.0313,  0.0708, -0.0174,
         0.0521,  0.0033, -0.0448, -0.0225,  0.0004, -0.0309, -0.0072, -0.0102,
         0.0509,  0.0440, -0.0367, -0.0106,  0.0924,  0.0170, -0.0057,  0.0344,
        -0.0994, -0.0277, -0.0321, -0.0272,  0.0467,  0.0524,  0.0362,  0.0255,
         0.0196,  0.0521, -0.0366,  0.0500,  0.0243, -0.0321,  0.0425, -0.0061,
         0.0783, -0.0203,  0.0080, -0.0559, -0.0326, -0.0633, -0.0001, -0.0637,
         0.0397, -0.0017,  0.0003,  0.0551,  0.0397,  0.0031, -0.0585,  0.0011,
         0.0594,  0.0716,  0.0238, -0.0555, -0.0282,  0.0258,  0.0088,  0.0071,
         0.0563, -0.0207, -0.1053,  0.0571,  0.1128, -0.0722,  0.0419, -0.0137,
        -0.0912,  0.0226,  0.0799,  0.0073,  0.0507, -0.0635, -0.0051,  0.0070,
         0.0299,  0.0072, -0.0290, -0.0156, -0.0276,  0.0656, -0.0026, -0.0246,
         0.0399,  0.0063, -0.0433,  0.0526, -0.0700,  0.0677, -0.0502, -0.0133,
         0.0283, -0.0150, -0.0351,  0.0321, -0.0029, -0.0027, -0.0077, -0.0437,
        -0.0257, -0.0050, -0.0390,  0.0300, -0.0040,  0.0150, -0.0672,  0.0221],
       device='cuda:0', requires_grad=True)
Param: transformer_encoder.layers.2.self_attn.in_proj_weight
	Parameter containing:
tensor([[ 0.0589,  0.0589,  0.0589,  ..., -0.0589, -0.0589, -0.0589],
        [ 0.0589, -0.0589,  0.0589,  ...,  0.0589,  0.0589,  0.0589],
        [ 0.0589, -0.0589,  0.0589,  ...,  0.0589, -0.0589, -0.0589],
        ...,
        [ 0.0589,  0.0589, -0.0589,  ..., -0.0589,  0.0589,  0.0589],
        [-0.0589, -0.0589, -0.0589,  ...,  0.0589,  0.0589,  0.0589],
        [ 0.0589, -0.0589, -0.0589,  ..., -0.0589, -0.0589,  0.0589]],
       device='cuda:0', requires_grad=True)
Param: transformer_encoder.layers.2.self_attn.in_proj_bias
	Parameter containing:
tensor([ 5.2790e-02,  2.8170e-02,  1.6353e-01,  4.2567e-02, -4.1916e-03,
         2.3846e-01, -7.7127e-02,  5.7313e-02,  5.2395e-05, -1.7488e-01,
         8.8396e-02,  1.6915e-02,  3.3454e-02,  2.3193e-01, -2.5291e-01,
        -9.1761e-02, -1.7867e-01, -4.7824e-02,  1.6983e-01, -2.8288e-02,
        -2.4663e-01,  5.9349e-02, -2.2264e-01,  2.5886e-01, -1.1478e-01,
         1.4840e-01,  2.8157e-01, -2.1488e-01,  1.1957e-01, -1.1334e-01,
        -3.0580e-01,  1.7454e-01, -2.0298e-01,  1.9105e-01,  1.9951e-01,
         3.6602e-01,  4.2225e-01, -1.9481e-01,  2.0739e-01,  5.1804e-02,
         1.6423e-01, -6.1962e-02, -1.3214e-01,  1.6484e-01,  3.0047e-02,
         2.5640e-01, -2.0986e-01,  2.2257e-01, -1.9611e-01, -7.3324e-02,
         1.6263e-02,  1.7280e-02, -2.7582e-01,  2.9884e-01,  3.0932e-01,
        -4.4503e-01, -3.9533e-01,  2.3645e-01,  3.6687e-01, -1.4044e-01,
        -4.4671e-01,  2.9347e-01,  8.6092e-02, -2.1898e-01, -7.7155e-02,
         1.7777e-01,  1.6081e-01,  6.3537e-02, -1.3617e-01, -2.0191e-01,
        -3.0473e-02,  2.0480e-01,  4.0228e-02, -2.1270e-02,  2.0916e-02,
        -4.6524e-02, -8.7581e-03, -2.8873e-02, -1.9367e-01, -3.2470e-01,
         1.2052e-01,  3.9492e-02,  2.4700e-02,  1.5757e-01, -1.0458e-01,
         6.7565e-02,  2.5437e-01, -4.0235e-02,  8.0784e-02,  6.6972e-02,
        -1.9938e-01, -6.6000e-02, -3.9008e-02, -2.0405e-01, -1.1075e-01,
         6.1387e-02,  3.6774e-02,  1.1140e-01,  6.7142e-02,  1.4131e-01,
         5.4698e-02,  1.2745e-01,  1.5008e-01, -1.0598e-02,  9.8777e-02,
         3.7020e-02, -1.0062e-01, -1.5346e-01,  5.0844e-02,  7.8073e-02,
         1.1007e-01, -3.4026e-02, -2.1483e-01, -2.1784e-01,  2.0106e-02,
        -2.1397e-01, -1.0984e-01,  8.2774e-02,  1.1831e-01,  8.3108e-02,
         1.5311e-01, -1.1601e-01,  1.8593e-01, -1.8360e-01,  4.8570e-02,
        -5.8284e-02,  1.9176e-01, -8.0109e-02,  1.4025e-03,  3.3085e-03,
        -2.2498e-03,  2.6739e-04,  1.0081e-04, -6.7754e-04,  5.2760e-04,
        -1.5005e-03, -3.9101e-03, -4.2997e-04,  6.2706e-04, -1.1964e-03,
        -2.3113e-03, -1.8853e-03, -1.0104e-03, -1.7212e-03,  9.8698e-04,
         4.4626e-03,  4.4843e-04, -2.1998e-03, -4.9470e-03, -5.3659e-04,
         1.9808e-03,  7.0119e-04, -1.0501e-03,  4.5564e-04, -4.8727e-03,
         7.8401e-05,  1.1882e-03, -2.8638e-03, -2.9645e-03,  1.2907e-03,
        -7.7907e-03,  2.1909e-03,  1.0254e-02,  3.5407e-03,  1.9252e-03,
        -6.3051e-03, -3.4326e-03,  2.0950e-03,  2.1258e-03,  1.8917e-03,
        -6.9677e-04, -1.6885e-03, -1.0479e-03,  3.2879e-03,  2.4330e-04,
        -2.9090e-03,  7.0875e-04,  1.3961e-05,  1.9334e-03,  1.8903e-03,
         3.3410e-03, -4.2794e-03, -2.8586e-03, -3.6622e-03, -2.2172e-03,
        -1.6738e-04,  2.0710e-03,  2.4220e-03,  6.8071e-05,  1.9559e-03,
        -9.1013e-04, -2.7719e-03, -2.8509e-03,  1.5260e-03, -1.6986e-03,
        -4.9863e-03, -1.3666e-03, -2.7305e-03, -1.3340e-03, -2.9258e-04,
         4.4485e-03,  8.4582e-04,  2.0922e-03, -4.8474e-03, -2.6228e-04,
         2.8241e-03, -3.9735e-04,  4.8971e-03, -4.5978e-03, -2.1975e-03,
        -4.0931e-03, -2.8047e-03, -8.2045e-04,  1.4400e-03, -3.3827e-03,
         3.6714e-04, -3.9462e-03,  2.8850e-03, -1.6411e-03,  1.6130e-03,
        -2.3635e-03,  1.9870e-03, -6.2735e-04, -9.3588e-04, -7.0074e-04,
        -2.2399e-03,  1.4231e-03,  8.4267e-04,  3.2185e-03,  3.4424e-04,
         2.7293e-04, -1.4803e-03,  1.7933e-03, -3.6487e-03,  8.8927e-04,
         1.1914e-03,  1.9756e-03, -2.0222e-03, -1.4988e-04, -5.9761e-04,
        -1.1760e-03, -1.5390e-03,  2.7084e-03, -2.9797e-03, -3.1650e-03,
         2.1676e-03, -5.7344e-03, -1.1244e-03, -2.4078e-03, -5.3006e-04,
        -1.5799e-03, -2.2479e-03, -4.0223e-04,  2.4763e-03,  7.8328e-04,
        -1.0351e-03, -4.0988e-03,  3.3460e-02, -1.3003e-02, -1.4198e-02,
        -2.3639e-02,  3.2691e-03,  2.7105e-03, -1.6710e-02, -1.2690e-02,
         7.3593e-03, -4.1185e-02, -6.2087e-02,  3.4683e-02, -5.0390e-02,
         4.1346e-02,  1.1005e-02, -5.9529e-02, -1.1102e-02,  8.0604e-03,
         3.6664e-02, -1.1877e-02,  2.7953e-02,  2.4357e-02, -2.1021e-02,
        -4.5276e-02,  2.3400e-03,  8.4110e-04, -6.3812e-02, -6.8674e-03,
         4.9321e-02,  5.2366e-02,  2.4075e-02,  1.1805e-02,  8.5949e-02,
        -3.4041e-03,  1.8047e-02,  2.1294e-02,  1.2685e-02, -2.0441e-02,
        -2.9375e-02, -4.3180e-02, -1.7339e-02,  4.0063e-02,  1.9174e-02,
        -4.0250e-03,  2.0890e-02, -1.1392e-02, -5.3814e-03, -3.0705e-02,
        -8.3902e-03, -3.9717e-02,  3.8673e-02, -3.0781e-02,  2.5580e-02,
        -5.4988e-02,  3.4754e-02,  1.0408e-02,  2.7436e-02,  3.5186e-02,
        -5.3751e-03,  1.1262e-02,  4.9789e-02,  2.4188e-02,  7.8433e-02,
         3.5829e-02, -4.9813e-02, -7.3361e-02, -2.3486e-02,  5.2010e-02,
        -5.6465e-02,  2.3021e-02, -1.7912e-02, -2.4334e-02, -1.7465e-02,
        -3.0393e-02,  7.0803e-03, -5.3859e-02, -1.8484e-02, -6.0718e-02,
         4.1309e-02,  2.5948e-02,  2.2559e-02,  4.1342e-02,  1.1873e-02,
        -5.2638e-02,  3.0528e-02,  5.0113e-02, -2.5581e-02, -3.2477e-02,
         1.0705e-02, -2.2381e-03,  2.5125e-02,  7.0329e-02, -7.6156e-02,
         3.4747e-02,  3.4630e-03,  1.7799e-02,  1.0559e-02,  4.9631e-02,
        -8.9888e-03,  4.7591e-02,  1.8637e-02,  1.9250e-02,  1.1731e-03,
         1.1797e-02, -2.1729e-02,  4.9123e-03,  5.0263e-02,  3.6327e-02,
         3.7739e-02,  1.4610e-02,  1.0959e-03,  3.9120e-02, -3.0883e-02,
        -5.0174e-03, -5.2311e-02,  5.8020e-02, -2.5247e-02,  5.3655e-03,
        -5.6759e-03, -3.2255e-02,  2.3845e-02, -2.1423e-02, -2.7217e-02,
        -4.2090e-02,  3.1324e-02,  1.9246e-02,  4.3326e-03], device='cuda:0',
       requires_grad=True)
Param: transformer_encoder.layers.2.self_attn.out_proj.weight
	Parameter containing:
tensor([[ 0.0506,  0.0506,  0.0506,  ...,  0.0506, -0.0506,  0.0506],
        [ 0.0506,  0.0506,  0.0506,  ..., -0.0506,  0.0506,  0.0506],
        [-0.0506, -0.0506,  0.0506,  ...,  0.0506,  0.0506,  0.0506],
        ...,
        [-0.0506,  0.0506, -0.0506,  ...,  0.0506, -0.0506, -0.0506],
        [ 0.0506,  0.0506,  0.0506,  ...,  0.0506, -0.0506, -0.0506],
        [-0.0506,  0.0506, -0.0506,  ..., -0.0506,  0.0506,  0.0506]],
       device='cuda:0', requires_grad=True)
Param: transformer_encoder.layers.2.self_attn.out_proj.bias
	Parameter containing:
tensor([-6.8294e-02,  2.2609e-02,  6.4078e-02,  8.6528e-02, -5.0004e-03,
         4.1164e-02, -3.3838e-02,  2.7347e-03,  2.1529e-02, -2.1773e-02,
         9.4316e-03,  2.1143e-03,  2.9553e-02, -2.4688e-02,  1.6366e-02,
         4.0188e-02, -3.1951e-02, -1.2025e-02, -3.3432e-02,  1.8194e-02,
         1.5100e-02,  7.5906e-05,  1.4724e-02, -4.4409e-03,  5.2617e-02,
         5.1350e-03, -5.7612e-02,  1.5493e-02, -3.0050e-02, -1.8789e-02,
         5.3040e-02, -3.0442e-03, -2.4387e-02,  1.3048e-02, -2.0616e-02,
         4.5433e-02, -5.1099e-03,  1.4509e-02,  1.1633e-02, -3.7048e-03,
        -5.9939e-02,  2.2346e-02,  7.3403e-03, -1.3309e-02, -5.5101e-02,
         4.2599e-02,  1.5104e-02,  1.3675e-02, -1.1515e-02, -1.5227e-02,
        -3.7035e-02,  8.5145e-03, -5.7659e-02, -1.1946e-02,  1.6776e-02,
         3.7392e-03, -1.9695e-02, -5.6643e-02,  8.9146e-02, -2.0812e-02,
        -1.6221e-03,  2.2164e-02, -3.2979e-02, -4.4458e-02,  2.1612e-02,
        -1.4089e-02,  2.4172e-02, -1.0128e-02,  1.2366e-02, -3.9493e-02,
         3.2391e-02,  2.9010e-02,  2.8181e-02,  6.3152e-02,  9.4781e-03,
        -7.1798e-02, -2.0546e-02,  7.5837e-02,  4.6867e-03, -1.9158e-02,
         2.5587e-02,  4.0359e-02, -2.9701e-02, -1.9144e-02,  4.4997e-02,
        -3.0402e-02, -2.0238e-02, -3.1543e-02, -2.3826e-02, -3.3985e-03,
         3.6852e-02,  2.6609e-02,  8.0264e-03,  6.8329e-04, -3.4751e-02,
        -6.7120e-04, -1.3469e-02, -4.2180e-02, -8.3687e-03, -3.1039e-02,
        -8.8933e-03, -5.8895e-03,  2.0506e-02, -3.9570e-03,  6.2381e-03,
        -1.3827e-02, -8.5624e-02,  2.4733e-02,  6.8077e-04,  4.7618e-02,
        -8.3177e-02, -2.1678e-03, -1.0714e-02, -4.2317e-03, -1.3022e-02,
         1.7335e-02,  5.8318e-02,  5.0650e-02,  2.7185e-02,  3.8605e-02,
        -1.2956e-02, -1.3630e-02, -5.3975e-02,  3.2405e-02,  1.6401e-02,
        -4.3324e-02, -1.7076e-02, -6.2793e-02], device='cuda:0',
       requires_grad=True)
Param: transformer_encoder.layers.2.linear1.weight
	Parameter containing:
tensor([[-0.0518, -0.0518,  0.0518,  ...,  0.0518,  0.0518,  0.0518],
        [-0.0518,  0.0518,  0.0518,  ..., -0.0518,  0.0518, -0.0518],
        [-0.0518,  0.0518, -0.0518,  ...,  0.0518, -0.0518, -0.0518],
        ...,
        [ 0.0518, -0.0518,  0.0518,  ...,  0.0518, -0.0518,  0.0518],
        [-0.0518,  0.0518, -0.0518,  ...,  0.0518,  0.0518,  0.0518],
        [-0.0518,  0.0518,  0.0518,  ..., -0.0518, -0.0518, -0.0518]],
       device='cuda:0', requires_grad=True)
Param: transformer_encoder.layers.2.linear1.bias
	Parameter containing:
tensor([-8.7764e-02, -1.0542e-01,  3.0734e-02, -1.0996e-01, -8.1497e-02,
        -1.8352e-02,  3.3255e-02, -1.1616e-01, -5.4038e-02, -1.2661e-01,
        -1.4755e-02, -1.5720e-03, -3.7757e-02, -6.7680e-02,  1.3496e-01,
        -1.1676e-01, -2.6671e-02, -9.2497e-02, -5.4387e-02, -1.5596e-01,
        -1.4367e-02,  7.9239e-04, -7.8262e-02,  1.4289e-01,  1.0785e-02,
         9.7327e-02, -4.6426e-02, -6.9625e-02, -1.6971e-01, -6.7976e-02,
         1.1281e-02, -8.5959e-02, -6.1839e-02,  1.1770e-01, -5.3010e-02,
        -1.5692e-02, -1.6622e-01, -1.3658e-01,  1.0555e-01, -4.9404e-02,
        -7.1410e-03, -2.9252e-02, -3.6678e-02, -9.2790e-02, -1.1917e-01,
        -2.4299e-01, -7.8477e-02, -2.8555e-01, -1.1721e-02, -8.7615e-02,
        -1.9530e-01,  9.5649e-02, -1.5077e-01, -1.1945e-01, -7.2109e-03,
         1.7941e-01,  3.6494e-02, -1.8917e-01, -7.2295e-02, -6.3032e-02,
         1.5514e-02,  8.3441e-02, -1.3210e-01,  1.0513e-01,  4.9681e-02,
        -1.7578e-01, -1.5483e-01, -1.4466e-01, -9.7277e-02, -3.7460e-02,
        -2.4605e-02, -1.8196e-01, -1.3977e-01,  3.5517e-02, -4.5507e-02,
        -8.3725e-02, -8.1076e-02, -3.2547e-02, -7.6602e-02, -1.6503e-01,
        -1.2293e-01,  1.3295e-01,  4.6154e-02,  1.8753e-02, -6.5190e-02,
        -1.2461e-01, -2.0799e-01, -2.8463e-02, -1.8567e-02, -8.5474e-02,
        -2.7177e-02, -3.5559e-03, -1.3782e-01, -8.3951e-02, -1.5486e-01,
         4.0607e-02, -1.3473e-03, -1.2512e-02,  3.9234e-02,  2.8133e-02,
         9.5262e-03,  4.1254e-02, -4.7410e-03, -1.9641e-01, -3.1161e-03,
         1.2022e-02, -2.8962e-01, -6.1588e-02,  5.8095e-03,  7.3796e-03,
        -2.1319e-02, -4.0946e-02, -1.3646e-01, -2.5239e-02,  1.7847e-02,
         4.1764e-03,  2.4035e-02, -7.0674e-02, -1.2450e-01, -7.6249e-02,
        -1.3653e-02, -1.4142e-01, -1.4680e-01,  1.3006e-02, -1.2707e-01,
        -2.3560e-01, -2.7084e-01, -1.0558e-01, -1.2455e-01, -1.2502e-02,
        -9.1449e-02, -3.2481e-02,  2.3074e-02, -1.0219e-02, -4.4473e-02,
        -2.9480e-02, -1.7544e-01, -1.7334e-01, -1.8043e-02, -3.5048e-02,
        -7.2001e-02, -1.1121e-02,  7.0623e-02, -1.2757e-01, -1.2030e-01,
         5.5943e-03,  8.6190e-02, -1.0285e-01, -6.1264e-02, -1.0136e-01,
         1.0964e-01, -2.2433e-01, -4.9436e-02, -1.9910e-02, -3.1908e-02,
         1.9081e-01, -7.8100e-02, -1.1436e-01,  1.3750e-02, -4.5860e-02,
        -8.9076e-02, -1.4249e-01, -3.4187e-03, -9.5520e-02, -5.6896e-02,
        -3.8154e-02, -1.0656e-01, -1.2249e-01,  5.2371e-02,  6.4269e-03,
        -9.5252e-02, -2.4993e-01,  4.8803e-02, -1.6979e-01,  2.8127e-02,
        -5.3686e-02, -1.5026e-01, -6.3705e-02,  6.6729e-02,  9.9833e-02,
        -1.4705e-01,  2.1268e-04, -1.7522e-01, -1.4093e-01,  2.0356e-02,
         7.7624e-02,  5.9843e-02, -1.0874e-01,  2.0257e-03,  9.5981e-02,
        -1.0283e-01, -5.0821e-02, -5.9658e-02, -7.5116e-02, -5.7534e-02,
        -3.8517e-02, -7.1918e-02, -6.4600e-02, -1.4805e-01, -1.0674e-01,
        -1.6429e-01,  4.4517e-02, -1.2689e-01, -1.6946e-02,  2.2970e-02,
        -1.8517e-01, -3.3481e-02, -7.5667e-02, -7.1233e-02, -2.1976e-01,
        -6.1552e-03, -4.4881e-02, -1.1819e-01, -9.9118e-02, -7.2385e-02,
         5.5104e-03, -5.1627e-02, -1.0155e-01, -6.2384e-03, -6.1879e-02,
        -3.9464e-02, -2.0875e-01, -1.6208e-01,  1.8851e-02,  1.4669e-03,
         1.0412e-01,  8.0377e-02, -1.1434e-01, -8.7891e-02,  8.9520e-02,
         4.7034e-02, -1.2496e-02,  3.2505e-02, -1.1322e-01, -1.4304e-02,
        -9.3388e-02, -9.7174e-02, -1.0194e-01, -1.1509e-01, -1.1931e-01,
        -7.5041e-02, -8.6098e-02, -1.0307e-01, -1.6633e-01, -3.2530e-02,
        -1.2294e-01, -7.5917e-02, -1.0940e-01, -1.2012e-01, -7.2260e-03,
         9.8236e-02, -2.1160e-01, -6.0097e-03,  1.0933e-01, -1.1879e-01,
        -8.9668e-02], device='cuda:0', requires_grad=True)
Param: transformer_encoder.layers.2.linear2.weight
	Parameter containing:
tensor([[ 0.0406, -0.0406,  0.0406,  ..., -0.0406, -0.0406, -0.0406],
        [ 0.0406,  0.0406,  0.0406,  ...,  0.0406,  0.0406,  0.0406],
        [-0.0406,  0.0406,  0.0406,  ...,  0.0406,  0.0406,  0.0406],
        ...,
        [ 0.0406, -0.0406, -0.0406,  ...,  0.0406,  0.0406,  0.0406],
        [-0.0406,  0.0406,  0.0406,  ..., -0.0406,  0.0406,  0.0406],
        [ 0.0406, -0.0406, -0.0406,  ..., -0.0406,  0.0406,  0.0406]],
       device='cuda:0', requires_grad=True)
Param: transformer_encoder.layers.2.linear2.bias
	Parameter containing:
tensor([-0.0931,  0.0373,  0.0144,  0.0775, -0.0725,  0.0774, -0.1183,  0.0399,
        -0.0700,  0.0442,  0.0563,  0.0357, -0.0367,  0.0226, -0.0017,  0.0844,
         0.0088, -0.0803, -0.0888,  0.0548,  0.0137,  0.0460,  0.0072,  0.0294,
         0.0029,  0.0104, -0.1248, -0.0170, -0.0364,  0.0205,  0.0524,  0.0214,
        -0.0420,  0.0269, -0.0323,  0.0134,  0.0383,  0.0027,  0.0271, -0.0396,
        -0.0159,  0.0089, -0.0132,  0.0016, -0.0484, -0.0098, -0.0602,  0.0979,
        -0.0956, -0.0050, -0.0778,  0.0923, -0.0717,  0.0026,  0.0022, -0.0014,
         0.0337, -0.1023,  0.0473,  0.0093, -0.0138, -0.0186, -0.0741, -0.1103,
        -0.0176,  0.0210, -0.0452,  0.0893,  0.0161, -0.0060,  0.0804,  0.0159,
        -0.0486,  0.0843,  0.1112, -0.0449,  0.0339,  0.0617, -0.0263,  0.0567,
         0.0674,  0.0528, -0.0817, -0.0382,  0.0871,  0.0398,  0.0377,  0.0269,
        -0.0374,  0.0376,  0.0800,  0.0904,  0.0501,  0.0466, -0.0328,  0.0726,
         0.0834, -0.0126, -0.0523, -0.0494,  0.0493,  0.0147,  0.0363,  0.0143,
         0.0318,  0.0042, -0.0291,  0.0393, -0.0555,  0.0720, -0.0174, -0.0354,
         0.0194, -0.0634, -0.0392,  0.0119,  0.0728,  0.0381, -0.0104,  0.0748,
         0.0076, -0.0488, -0.0718,  0.0421, -0.0405, -0.0822, -0.0188, -0.0413],
       device='cuda:0', requires_grad=True)
Param: transformer_encoder.layers.2.norm1.weight
	Parameter containing:
tensor([0.8762, 1.0563, 0.9045, 0.9096, 1.0769, 0.9533, 0.9466, 0.9002, 0.8873,
        1.0011, 1.1360, 0.9378, 0.9824, 1.0128, 1.0871, 0.9929, 1.0501, 1.0662,
        1.0036, 1.0062, 0.9179, 0.9107, 1.0407, 0.8957, 0.9613, 0.9575, 0.9528,
        1.0412, 1.0743, 0.9463, 1.0735, 0.9448, 1.0577, 0.9460, 1.0573, 1.0251,
        0.9511, 1.0541, 1.0391, 1.0032, 0.8873, 1.0844, 0.9875, 0.9907, 1.0978,
        1.0077, 1.0795, 1.0306, 0.9733, 0.9663, 0.8977, 1.0267, 1.0447, 0.9109,
        0.9883, 1.0560, 1.1156, 0.9783, 1.1528, 1.0396, 1.0511, 0.9596, 1.0107,
        0.9338, 1.0660, 1.0539, 1.0475, 1.1413, 1.0628, 1.1221, 0.8730, 0.9509,
        0.9050, 1.0669, 1.0324, 1.0993, 1.1078, 0.9499, 0.9816, 0.9953, 1.0578,
        0.9795, 0.9874, 1.0681, 1.0325, 1.1054, 1.0162, 0.9547, 1.0889, 1.0354,
        0.9758, 1.0020, 1.0147, 1.0655, 1.1076, 1.0078, 0.9647, 0.9827, 0.9713,
        1.0520, 1.0426, 0.9911, 0.9998, 0.9857, 1.0016, 1.0749, 1.0570, 0.9226,
        1.0195, 0.9477, 0.8026, 0.9519, 1.0096, 1.0195, 0.9483, 1.0309, 1.0433,
        1.0053, 0.8229, 1.0047, 0.9495, 1.0173, 0.8232, 0.9956, 1.1241, 1.0813,
        1.0198, 1.0078], device='cuda:0', requires_grad=True)
Param: transformer_encoder.layers.2.norm1.bias
	Parameter containing:
tensor([-0.0911,  0.0482,  0.0443,  0.0646, -0.0299,  0.0309, -0.0253, -0.0116,
        -0.0032, -0.0016,  0.0098,  0.0261,  0.0147, -0.0107,  0.0079,  0.0313,
        -0.0197, -0.0312, -0.0429,  0.0150,  0.0256,  0.0150,  0.0250,  0.0188,
         0.0289, -0.0096, -0.0763,  0.0102, -0.0191, -0.0443,  0.0518,  0.0149,
        -0.0045, -0.0121, -0.0299,  0.0374, -0.0085,  0.0519,  0.0008, -0.0134,
        -0.0640, -0.0104, -0.0043,  0.0193, -0.0568,  0.0500, -0.0009, -0.0010,
         0.0066, -0.0112, -0.0237,  0.0182, -0.0418, -0.0271,  0.0164, -0.0057,
        -0.0081, -0.0500,  0.0589, -0.0249, -0.0171,  0.0321, -0.0390, -0.0648,
         0.0088, -0.0178,  0.0187, -0.0011,  0.0037, -0.0482,  0.0278, -0.0016,
         0.0226,  0.1056,  0.0220, -0.0599, -0.0302,  0.0546, -0.0087, -0.0312,
         0.0498,  0.0481, -0.0172,  0.0035,  0.0759, -0.0084, -0.0339, -0.0202,
        -0.0455, -0.0368,  0.0360,  0.0143, -0.0078, -0.0091, -0.0091, -0.0252,
        -0.0058, -0.0222, -0.0234, -0.0263,  0.0063, -0.0190,  0.0100, -0.0318,
        -0.0322, -0.0078, -0.0981,  0.0332,  0.0014,  0.0625, -0.1010, -0.0235,
        -0.0022, -0.0171, -0.0110,  0.0321,  0.0345,  0.0227,  0.0458,  0.0546,
        -0.0155, -0.0141, -0.0808,  0.0348,  0.0097, -0.0426, -0.0246, -0.0601],
       device='cuda:0', requires_grad=True)
Param: transformer_encoder.layers.2.norm2.weight
	Parameter containing:
tensor([0.9864, 0.9383, 0.8900, 1.0344, 1.1431, 0.8555, 0.8847, 0.9249, 0.8527,
        1.0804, 1.1673, 0.9929, 0.8475, 1.0485, 1.0886, 1.0119, 1.0861, 1.0923,
        0.9727, 1.0764, 0.9028, 0.9822, 1.0739, 1.0086, 1.1547, 0.9878, 1.0072,
        1.0339, 1.1212, 0.9988, 1.2172, 0.9427, 1.0511, 1.0233, 1.1187, 0.8468,
        0.8678, 1.0081, 1.0662, 1.0354, 1.0267, 1.1673, 0.9626, 0.9701, 1.1620,
        0.9790, 1.1155, 1.0918, 0.9861, 0.9913, 0.9016, 1.1116, 1.1337, 0.9663,
        1.0187, 1.0487, 1.2257, 0.9589, 1.2233, 0.9779, 1.0913, 0.8720, 1.1305,
        0.7905, 1.1515, 1.0209, 1.0382, 1.1282, 1.0909, 1.1552, 0.9904, 0.9255,
        0.9462, 1.1331, 1.0372, 0.8931, 1.2026, 0.9150, 0.9415, 1.1057, 1.0624,
        1.0341, 0.9476, 1.0160, 1.0830, 1.1658, 0.8716, 1.0164, 1.0717, 1.0413,
        0.9833, 1.0476, 1.0471, 1.1520, 1.1288, 0.8826, 0.8831, 1.0782, 0.9237,
        0.9807, 1.0432, 0.8603, 1.0698, 0.9965, 1.1452, 1.1495, 1.1155, 1.0005,
        1.0772, 0.9028, 0.8200, 0.9475, 1.0943, 1.0385, 1.0208, 1.0897, 0.8495,
        1.0638, 0.9560, 0.9909, 0.9837, 0.9859, 0.9165, 0.8953, 1.0385, 1.1235,
        1.1133, 1.0271], device='cuda:0', requires_grad=True)
Param: transformer_encoder.layers.2.norm2.bias
	Parameter containing:
tensor([ 0.0598, -0.0864,  0.0984,  0.0253, -0.0576,  0.1055, -0.1091,  0.1206,
        -0.0746, -0.0225,  0.0405,  0.0646, -0.2629, -0.0564, -0.0193,  0.0031,
        -0.0473, -0.0382,  0.0709,  0.0148, -0.0418, -0.0105,  0.0137,  0.0159,
         0.0049, -0.0492, -0.0209,  0.0217,  0.0299, -0.0863,  0.0377,  0.0726,
         0.0464,  0.0760, -0.1099, -0.1196,  0.0915, -0.0533,  0.0065, -0.0003,
        -0.0836, -0.0265, -0.0859,  0.0150, -0.0420,  0.0050, -0.0534,  0.0365,
        -0.0070,  0.1052, -0.0536,  0.0380, -0.0672, -0.0880, -0.0023, -0.0205,
         0.0397, -0.0035, -0.0339, -0.0010, -0.0474, -0.1263, -0.0044, -0.2079,
        -0.0074,  0.0325, -0.0368,  0.0259,  0.0906, -0.0593, -0.0894,  0.0531,
         0.0464,  0.0968,  0.0922,  0.0804, -0.0210,  0.1165,  0.0850,  0.0270,
         0.0452,  0.0205, -0.1325,  0.0246,  0.0980, -0.0177,  0.1473,  0.0190,
        -0.0866,  0.0370,  0.0739,  0.0335,  0.0312,  0.0019, -0.0517,  0.0929,
         0.1251, -0.0041, -0.1274,  0.0373, -0.0492,  0.1794,  0.0234,  0.0278,
         0.0062, -0.0379, -0.1065,  0.0215, -0.0673,  0.0886, -0.0296, -0.0118,
         0.0745, -0.0874,  0.0436,  0.0625, -0.1081,  0.0408,  0.0270,  0.0018,
        -0.0220, -0.0747, -0.0708,  0.1590, -0.0370, -0.0335, -0.0718, -0.0382],
       device='cuda:0', requires_grad=True)
Param: transformer_encoder.layers.3.self_attn.in_proj_weight
	Parameter containing:
tensor([[ 0.0577,  0.0577,  0.0577,  ..., -0.0577, -0.0577, -0.0577],
        [ 0.0577,  0.0577,  0.0577,  ...,  0.0577,  0.0577, -0.0577],
        [ 0.0577,  0.0577,  0.0577,  ...,  0.0577,  0.0577,  0.0577],
        ...,
        [ 0.0577,  0.0577, -0.0577,  ..., -0.0577,  0.0577,  0.0577],
        [-0.0577, -0.0577, -0.0577,  ...,  0.0577,  0.0577,  0.0577],
        [ 0.0577,  0.0577, -0.0577,  ..., -0.0577, -0.0577,  0.0577]],
       device='cuda:0', requires_grad=True)
Param: transformer_encoder.layers.3.self_attn.in_proj_bias
	Parameter containing:
tensor([ 8.7619e-02, -1.7516e-01, -1.9672e-02, -1.2124e-01, -2.1712e-01,
         3.1121e-01,  4.3626e-02, -3.8931e-01, -1.1794e-01,  1.0116e-03,
         9.2129e-02, -1.5196e-01, -9.0725e-02, -5.3132e-02,  1.2781e-01,
        -1.8115e-01, -1.2905e-01,  2.4178e-01,  2.3613e-01, -2.6483e-01,
        -2.8208e-01,  7.6562e-02, -7.2526e-02,  1.1135e-01, -2.5044e-01,
         1.2326e-02,  1.2620e-01, -1.3369e-01,  1.4569e-01,  2.0210e-02,
         1.6032e-01,  2.2574e-01,  5.2364e-02,  4.0142e-02,  1.4123e-01,
         9.2614e-02,  1.5144e-01, -1.0170e-01,  1.0291e-01,  2.2887e-03,
        -4.0289e-02, -9.3272e-03, -8.5221e-02,  7.2862e-02, -1.3742e-01,
        -1.2438e-01,  1.9386e-01, -1.0752e-01,  7.6872e-02, -2.0132e-01,
        -5.1216e-02, -1.7505e-01,  1.6489e-01,  1.4569e-01, -4.6164e-02,
        -1.3818e-01, -2.9864e-02,  1.1595e-01, -4.2840e-02,  2.5735e-02,
        -6.6077e-02, -4.5505e-02,  6.9505e-02,  7.4999e-02, -1.7690e-01,
         1.1646e-01,  3.1412e-02,  2.6188e-02, -2.2880e-01, -2.2125e-02,
         1.2248e-01,  1.0660e-01, -9.0570e-03,  1.9695e-01,  1.9125e-01,
        -3.4381e-02,  5.8636e-02, -1.6870e-01, -4.8746e-02,  4.5880e-02,
        -9.3797e-02, -9.3962e-02, -1.4280e-02,  4.5036e-02, -9.4657e-03,
        -7.3575e-03, -3.4610e-02, -9.2482e-03,  2.5213e-02,  6.9258e-02,
        -2.5012e-01,  1.3267e-01,  7.8060e-02, -4.2267e-02, -5.8209e-02,
        -4.3786e-02,  1.2643e-01, -1.3555e-01, -1.1793e-01,  2.9434e-01,
        -1.6317e-01,  6.6438e-02, -2.0939e-03,  1.7515e-01, -1.8403e-01,
         1.2021e-01,  1.3920e-01, -4.3590e-02, -1.2398e-03,  3.3473e-02,
        -2.4549e-02, -1.1347e-01,  9.4412e-02,  1.3431e-01,  5.2027e-02,
        -4.5155e-02,  1.1547e-01, -1.4205e-01, -8.2195e-02,  1.1988e-01,
        -2.1504e-01,  8.6820e-02,  1.3642e-01, -4.4179e-02, -1.2798e-01,
        -3.1076e-01, -1.0914e-01,  2.0903e-01, -1.7604e-03,  1.1940e-03,
         3.3262e-03,  1.8884e-03,  3.6515e-03, -2.0558e-03, -1.8564e-03,
         2.8935e-03,  3.8498e-03, -1.0113e-03, -2.0628e-03,  5.8835e-04,
         2.2653e-03, -1.4021e-03,  8.0411e-04,  2.9152e-03,  4.7545e-04,
        -5.2846e-03, -5.2389e-03,  1.2004e-03,  2.6922e-03, -2.5897e-03,
         3.0251e-04, -1.4427e-03,  3.6589e-03,  4.1504e-04, -2.8554e-03,
         4.1945e-03, -1.3588e-03,  1.8453e-03, -1.8311e-03, -4.1639e-03,
         3.9311e-03, -7.3184e-04, -2.1848e-04, -5.6746e-03,  2.6839e-03,
        -1.6094e-03,  2.6208e-04, -1.2711e-03, -5.0331e-04,  1.9339e-03,
        -1.0553e-03,  1.2042e-03, -2.8905e-03, -7.6983e-04, -2.8325e-04,
         2.9124e-03,  3.5497e-03,  2.7975e-03, -4.5990e-04, -3.9888e-03,
         1.0000e-03, -2.6140e-04, -5.5167e-04, -5.0811e-04, -8.0878e-04,
        -8.9444e-04,  1.2444e-03,  4.0104e-04,  2.4096e-03, -6.0402e-06,
         9.1958e-04,  4.0921e-04,  2.9882e-03, -3.3582e-03, -3.5530e-03,
         2.7673e-03,  3.2932e-03,  1.7348e-03, -3.1480e-03, -3.2006e-03,
        -1.9523e-04, -6.1069e-04, -2.1134e-03,  3.8830e-03,  2.8541e-04,
         2.5989e-03,  1.0263e-03, -2.1740e-03,  3.1198e-03,  1.5672e-03,
         1.0043e-03, -3.2499e-03, -1.1315e-04, -2.8347e-03,  1.6282e-03,
        -5.5963e-04,  1.9488e-04,  1.5964e-03,  5.2829e-03, -1.6703e-03,
        -4.0791e-04, -4.8546e-05,  9.0805e-04, -2.8906e-03, -5.7859e-04,
         2.3375e-04,  2.6363e-03,  2.6239e-04,  8.6123e-04,  1.0696e-03,
         2.5996e-03,  1.0589e-03, -2.1171e-03,  5.5629e-04, -2.1864e-03,
        -1.9081e-03,  3.6225e-04,  4.6988e-04,  4.2678e-04,  2.7192e-03,
         9.3121e-04, -7.8551e-04, -9.5640e-04,  2.1143e-04, -1.7105e-03,
        -6.0733e-04, -1.2762e-03, -1.0083e-03,  2.8726e-03, -1.2264e-03,
         5.2932e-04, -1.5081e-03,  3.0556e-03, -7.2126e-04, -5.0203e-04,
        -8.0489e-04, -2.6519e-02,  1.2496e-02,  8.6058e-02, -2.3157e-04,
        -2.1360e-02, -9.1458e-03, -1.0152e-01, -6.7499e-02, -4.0186e-02,
        -1.6750e-01,  7.3020e-02, -2.7854e-02,  2.7223e-02,  7.5168e-02,
         7.3256e-02,  2.1818e-01, -5.3956e-02,  1.2360e-04,  7.9985e-03,
        -5.9570e-02,  4.5125e-02, -8.6659e-02,  4.8395e-02, -6.7113e-02,
        -1.3038e-02, -5.0451e-02,  4.8018e-02, -2.5010e-02, -5.5735e-03,
        -4.4554e-02,  6.1384e-02,  3.4743e-02,  4.4859e-02,  3.7159e-02,
         4.7215e-02,  9.3562e-03,  5.7222e-02,  4.1898e-02,  1.2117e-01,
        -3.4711e-02,  4.2164e-02, -4.2973e-03,  1.0212e-01, -1.7314e-04,
        -6.7483e-02,  1.1317e-02,  1.5277e-02, -1.0498e-01, -5.9983e-02,
        -3.6680e-02,  3.4855e-02,  5.2747e-02, -4.5834e-02, -1.7774e-02,
        -1.2560e-01,  2.4639e-02, -3.3445e-02, -3.4476e-03, -5.2558e-02,
         4.0248e-02, -2.1034e-02,  2.2099e-02, -1.1872e-03,  3.9223e-02,
        -8.4941e-02, -4.8202e-02,  1.3454e-02,  9.2201e-02, -2.1922e-02,
        -3.8672e-02, -3.5323e-02,  2.4329e-02,  1.0959e-01,  5.4910e-02,
         6.5447e-02, -5.3136e-02, -1.0903e-01,  5.4263e-02, -2.4140e-02,
        -4.9607e-03, -4.9785e-02,  5.6336e-02,  9.0050e-02, -1.0912e-02,
        -1.4861e-02, -5.1364e-02,  5.0694e-03, -1.2915e-01,  4.5269e-02,
         2.0821e-02,  9.1068e-02,  1.5245e-01,  6.6019e-02, -4.0180e-02,
         4.9092e-02,  5.9154e-02,  5.8220e-02,  2.7373e-02, -1.7871e-02,
         4.6262e-02,  1.0445e-02,  2.9799e-03,  1.3932e-02,  2.2974e-02,
         3.9441e-02,  2.2737e-02,  3.3649e-02, -2.6999e-02,  7.0400e-03,
        -3.9401e-02, -1.5427e-03,  9.3748e-02,  2.1501e-02, -7.7443e-02,
        -3.6539e-02, -3.3977e-02,  2.0857e-02,  1.2519e-02, -2.8100e-02,
         9.5224e-02,  8.1157e-02,  5.0186e-02, -2.6247e-02, -1.2134e-01,
        -8.3238e-02,  3.9464e-02,  3.0115e-02,  4.9668e-02], device='cuda:0',
       requires_grad=True)
Param: transformer_encoder.layers.3.self_attn.out_proj.weight
	Parameter containing:
tensor([[ 0.0498,  0.0498,  0.0498,  ...,  0.0498, -0.0498,  0.0498],
        [ 0.0498, -0.0498,  0.0498,  ...,  0.0498,  0.0498,  0.0498],
        [ 0.0498,  0.0498,  0.0498,  ...,  0.0498,  0.0498,  0.0498],
        ...,
        [ 0.0498, -0.0498,  0.0498,  ...,  0.0498, -0.0498, -0.0498],
        [ 0.0498, -0.0498,  0.0498,  ..., -0.0498, -0.0498, -0.0498],
        [-0.0498,  0.0498, -0.0498,  ..., -0.0498,  0.0498,  0.0498]],
       device='cuda:0', requires_grad=True)
Param: transformer_encoder.layers.3.self_attn.out_proj.bias
	Parameter containing:
tensor([ 3.1549e-02, -1.2254e-01,  7.5316e-02,  2.2617e-02,  4.9173e-03,
         1.5909e-01, -2.9362e-02,  4.2287e-02, -3.8809e-02,  1.1194e-01,
        -6.5382e-04,  2.5761e-02, -7.1021e-02, -4.5046e-02,  3.9747e-02,
        -4.5570e-02,  1.9535e-03,  1.7897e-02,  1.6843e-01, -5.2084e-04,
        -1.1267e-01, -1.5153e-02, -8.5265e-02,  2.0926e-02,  4.0554e-02,
        -7.7760e-02,  4.5284e-02,  4.5027e-02,  5.6932e-02, -6.8817e-02,
         1.9640e-03,  8.7279e-02,  8.2838e-02, -8.4671e-04, -7.3993e-02,
        -1.7060e-01,  1.7547e-01, -1.2304e-01, -2.9310e-02,  4.6735e-03,
        -2.5843e-02,  8.8242e-03, -5.3506e-02, -9.1714e-03, -6.6567e-03,
        -5.4467e-02, -1.0573e-02, -1.6663e-02,  1.9374e-02,  1.1465e-01,
         1.0568e-02, -1.2862e-02, -9.0641e-03, -1.0255e-01,  9.9831e-03,
        -4.3043e-02, -2.9997e-02,  4.7810e-02, -4.5591e-02,  6.9473e-02,
        -3.0152e-02, -1.5675e-01,  3.8062e-02, -1.7230e-01,  8.7721e-03,
         6.0251e-03, -7.3306e-02, -7.7541e-02,  5.3900e-02, -6.0418e-02,
        -1.5748e-01,  7.0968e-02,  3.5777e-02, -1.5672e-02,  1.1558e-02,
         1.9204e-01, -1.2608e-02,  1.5823e-01,  4.9003e-02,  4.8504e-02,
        -6.3546e-03,  2.4631e-02, -3.2292e-02, -2.5334e-02, -1.4390e-02,
        -4.1867e-02,  1.7190e-01, -1.0356e-02, -3.5281e-02,  1.3900e-01,
         8.5430e-02, -2.3054e-03, -7.6743e-03,  6.6752e-02, -3.0212e-02,
         9.9368e-02,  7.4170e-02, -2.3424e-04, -6.8848e-02,  1.3267e-01,
        -6.0295e-02,  8.3717e-02,  4.6810e-02,  7.2563e-02, -8.8480e-03,
        -2.1681e-02, -6.7352e-02, -5.8772e-03, -4.7898e-02,  1.5928e-02,
         3.8813e-02,  2.1233e-02,  1.2176e-01, -8.2293e-02,  1.0757e-01,
         2.4486e-02, -2.5518e-01,  5.8049e-02, -2.5975e-02, -1.3864e-02,
        -3.9435e-02, -2.8527e-02,  1.0931e-02,  1.4939e-01, -6.7999e-02,
        -4.6041e-02,  2.7565e-03, -4.8361e-02], device='cuda:0',
       requires_grad=True)
Param: transformer_encoder.layers.3.linear1.weight
	Parameter containing:
tensor([[-0.0523, -0.0523,  0.0523,  ...,  0.0523, -0.0523, -0.0523],
        [-0.0523,  0.0523,  0.0523,  ..., -0.0523, -0.0523, -0.0523],
        [ 0.0523,  0.0523, -0.0523,  ...,  0.0523, -0.0523, -0.0523],
        ...,
        [ 0.0523, -0.0523,  0.0523,  ...,  0.0523, -0.0523, -0.0523],
        [-0.0523,  0.0523,  0.0523,  ...,  0.0523, -0.0523, -0.0523],
        [-0.0523,  0.0523,  0.0523,  ..., -0.0523, -0.0523, -0.0523]],
       device='cuda:0', requires_grad=True)
Param: transformer_encoder.layers.3.linear1.bias
	Parameter containing:
tensor([ 0.0467, -0.0274,  0.0549, -0.1090, -0.0792,  0.0329, -0.0439,  0.0783,
        -0.0033, -0.0650, -0.1004,  0.1081,  0.0967, -0.0671,  0.0358, -0.0191,
         0.0315, -0.0698, -0.0351, -0.0189,  0.0182, -0.1149, -0.0452,  0.0658,
         0.0295,  0.0647, -0.0335, -0.1069, -0.0962, -0.0165,  0.0683,  0.0538,
        -0.0995, -0.0249, -0.1010,  0.0279,  0.0869, -0.0286,  0.0787, -0.1434,
         0.0693, -0.0510, -0.0617, -0.0312, -0.0492, -0.0128, -0.0518, -0.0918,
         0.0271, -0.0257, -0.0362,  0.1312, -0.0551, -0.0006, -0.0502,  0.0755,
         0.0476, -0.0636, -0.0415, -0.1149,  0.0630,  0.1277, -0.0645,  0.0023,
        -0.0342, -0.0905, -0.0230, -0.0397, -0.0864, -0.0005,  0.0472, -0.0788,
         0.0380, -0.0394, -0.0863,  0.1209,  0.0186, -0.0191, -0.0498, -0.0045,
        -0.1261, -0.0231, -0.1339,  0.0682,  0.0062,  0.0300, -0.0563, -0.1027,
        -0.0602, -0.0715,  0.0008,  0.0846, -0.0891,  0.0516, -0.0800,  0.0307,
        -0.1241,  0.0597, -0.0045, -0.0099, -0.0558,  0.0254, -0.0253, -0.0322,
         0.0441, -0.0365, -0.1128, -0.0528, -0.0882, -0.0105,  0.0473, -0.0142,
         0.0775, -0.1104,  0.0483, -0.0164,  0.0096, -0.1298, -0.0560, -0.0465,
        -0.0091,  0.1430, -0.0135, -0.0021,  0.0496, -0.0649, -0.1771, -0.0492,
         0.0030,  0.0901,  0.0416, -0.0334,  0.0047,  0.0570, -0.0143,  0.0856,
        -0.0922, -0.1146, -0.0405, -0.0816, -0.0226,  0.0596, -0.0367, -0.0193,
        -0.0738, -0.0603,  0.0589,  0.0091, -0.0455, -0.0598, -0.0139, -0.0093,
         0.0704,  0.0420, -0.0337,  0.1161,  0.0094, -0.0865,  0.0509, -0.0192,
        -0.0762, -0.1134,  0.0049, -0.0355, -0.0981,  0.0836, -0.0721, -0.1005,
         0.1201, -0.0850, -0.0962, -0.0787, -0.0148, -0.0413,  0.0912, -0.0630,
        -0.0987, -0.0143,  0.0380,  0.0158,  0.0839, -0.0025, -0.0398,  0.0313,
         0.0720,  0.0401,  0.1314, -0.0785, -0.0155, -0.0173, -0.1182,  0.0218,
        -0.0124, -0.0123,  0.0991,  0.0203, -0.0163, -0.0417, -0.0241, -0.0687,
        -0.0885,  0.0524, -0.0036, -0.0097,  0.0250, -0.1189, -0.0546, -0.1687,
        -0.0761, -0.0834, -0.0078,  0.0159, -0.0508, -0.0432,  0.0887, -0.0134,
         0.1222, -0.0412, -0.0493,  0.0984, -0.0638, -0.0282, -0.1040, -0.0429,
        -0.0696,  0.0249, -0.0387, -0.0377, -0.0500, -0.0398,  0.0003,  0.0104,
         0.0579,  0.0394, -0.0261, -0.1920, -0.1500, -0.0363, -0.0425,  0.0609,
        -0.1076,  0.0459, -0.1206,  0.0061,  0.0016, -0.0369, -0.0203, -0.0151,
        -0.0906, -0.0271,  0.0452, -0.0261,  0.0448,  0.0899, -0.0395, -0.0316],
       device='cuda:0', requires_grad=True)
Param: transformer_encoder.layers.3.linear2.weight
	Parameter containing:
tensor([[ 0.0397, -0.0397,  0.0397,  ..., -0.0397,  0.0397,  0.0397],
        [ 0.0397,  0.0397,  0.0397,  ..., -0.0397,  0.0397,  0.0397],
        [-0.0397,  0.0397,  0.0397,  ...,  0.0397,  0.0397,  0.0397],
        ...,
        [-0.0397, -0.0397,  0.0397,  ..., -0.0397,  0.0397, -0.0397],
        [-0.0397,  0.0397, -0.0397,  ..., -0.0397,  0.0397, -0.0397],
        [ 0.0397, -0.0397, -0.0397,  ..., -0.0397,  0.0397,  0.0397]],
       device='cuda:0', requires_grad=True)
Param: transformer_encoder.layers.3.linear2.bias
	Parameter containing:
tensor([ 0.0139, -0.1288,  0.0491,  0.0298, -0.0551,  0.1777, -0.0936,  0.1205,
        -0.1045,  0.1531,  0.0417,  0.0340, -0.1176,  0.0223,  0.0492,  0.0163,
         0.0463, -0.0376,  0.1159,  0.0303, -0.1185,  0.0308, -0.0469,  0.0573,
         0.0203, -0.0284,  0.0091, -0.0054,  0.0514,  0.0111,  0.0066,  0.0776,
        -0.0139, -0.0467, -0.0311, -0.1832,  0.1665, -0.1297, -0.0065, -0.0786,
         0.0467,  0.0285, -0.0386, -0.0028,  0.0150, -0.1273, -0.0720, -0.0060,
        -0.0314,  0.1026, -0.0033,  0.0459, -0.0045, -0.1018,  0.0172, -0.0160,
        -0.0271,  0.0310, -0.0242,  0.1142, -0.0299, -0.1245,  0.0009, -0.1995,
        -0.0106, -0.0010, -0.1387, -0.0290,  0.0616, -0.0646, -0.0870,  0.0588,
         0.0067, -0.0513,  0.0566,  0.2054,  0.0270,  0.0964,  0.0356,  0.0714,
        -0.0327,  0.0719, -0.0705, -0.0388, -0.0190,  0.0345,  0.1736,  0.0184,
        -0.0150,  0.1571,  0.0611,  0.0606,  0.0038,  0.1526, -0.0372,  0.1587,
         0.1121, -0.0040, -0.1591,  0.1095, -0.0112,  0.0939,  0.0453,  0.0682,
         0.0335, -0.0127,  0.0199,  0.0284, -0.0820, -0.0040,  0.0772, -0.0349,
         0.1492, -0.1385,  0.0399,  0.0068, -0.2745,  0.0554, -0.0528,  0.0211,
         0.0055, -0.0445,  0.0092,  0.1661, -0.1317, -0.1148,  0.0044, -0.0761],
       device='cuda:0', requires_grad=True)
Param: transformer_encoder.layers.3.norm1.weight
	Parameter containing:
tensor([0.9876, 0.8981, 0.9867, 0.9565, 1.0653, 0.8330, 1.1231, 0.9519, 0.9605,
        0.9536, 1.1120, 1.0047, 0.9474, 1.0390, 1.0294, 1.1404, 1.0127, 1.1571,
        0.7630, 1.0831, 0.8477, 1.0235, 1.0693, 1.0669, 1.0012, 0.9714, 1.0730,
        0.9389, 1.0667, 0.8967, 0.9361, 0.9525, 1.1047, 1.0283, 0.9796, 0.8287,
        0.7873, 1.0087, 1.0332, 1.1067, 1.0372, 1.1400, 0.9849, 1.1007, 1.0387,
        0.9638, 1.1012, 1.0814, 1.0816, 0.9287, 1.0554, 1.0191, 1.0592, 0.8889,
        1.0854, 1.1141, 1.0271, 1.0252, 0.9651, 0.9819, 1.1185, 0.8842, 1.0998,
        0.8274, 1.0739, 1.0660, 0.9962, 1.0009, 1.1541, 1.0972, 0.8724, 0.9820,
        1.0579, 1.0010, 0.9724, 0.7615, 1.1759, 0.8944, 0.9759, 1.1699, 1.0892,
        1.0249, 1.0839, 1.1441, 1.2062, 0.9478, 0.8898, 1.1065, 1.0592, 0.8934,
        0.9805, 1.2060, 1.1295, 1.0310, 1.1142, 0.9076, 0.9823, 1.0105, 0.9073,
        0.8363, 1.0047, 0.9274, 1.0416, 0.9310, 1.1582, 1.1299, 1.0171, 1.0634,
        1.0447, 1.1222, 0.9074, 1.1692, 0.8345, 0.9623, 0.9507, 1.0968, 0.6643,
        1.0242, 1.0352, 1.0507, 1.1214, 1.0780, 1.1635, 0.8593, 0.9976, 1.0135,
        1.0647, 1.0903], device='cuda:0', requires_grad=True)
Param: transformer_encoder.layers.3.norm1.bias
	Parameter containing:
tensor([ 0.0551, -0.1442,  0.1127,  0.0185, -0.0082,  0.1799, -0.0690,  0.0687,
        -0.0500,  0.1396,  0.0232,  0.0230, -0.1052, -0.0447,  0.0591, -0.0379,
         0.0264,  0.0178,  0.2290, -0.0117, -0.1538, -0.0350, -0.0598,  0.0613,
         0.0532, -0.1141,  0.0566,  0.0685,  0.0592, -0.1163,  0.0132,  0.1035,
         0.0658, -0.0283, -0.0928, -0.2181,  0.2109, -0.1340, -0.0657, -0.0186,
        -0.0015,  0.0223, -0.0821, -0.0042,  0.0107, -0.0974, -0.0417, -0.0348,
         0.0115,  0.1392,  0.0129,  0.0021,  0.0083, -0.1501, -0.0110, -0.0441,
        -0.0121,  0.0917, -0.0508,  0.0853, -0.0073, -0.1844,  0.0647, -0.2115,
         0.0054, -0.0080, -0.0684, -0.0766,  0.0742, -0.0800, -0.1916,  0.0585,
         0.0418, -0.0245,  0.0388,  0.2331, -0.0014,  0.1476,  0.0440,  0.0312,
        -0.0272, -0.0028, -0.0305, -0.0165,  0.0160,  0.0034,  0.2199,  0.0024,
        -0.0474,  0.1519,  0.0915, -0.0128, -0.0211,  0.1030, -0.0419,  0.1470,
         0.1069,  0.0060, -0.0867,  0.1604, -0.0731,  0.1165,  0.0132,  0.0707,
         0.0054, -0.0362, -0.0691, -0.0111, -0.0434, -0.0142,  0.0548,  0.0254,
         0.1589, -0.1249,  0.1167,  0.0423, -0.3169,  0.0297, -0.0278, -0.0135,
        -0.0274, -0.0479,  0.0275,  0.2026, -0.0796, -0.0445, -0.0120, -0.0710],
       device='cuda:0', requires_grad=True)
Param: transformer_encoder.layers.3.norm2.weight
	Parameter containing:
tensor([1.0918, 1.1357, 1.1118, 1.1059, 1.1925, 1.1528, 1.2439, 1.1871, 1.1798,
        1.0991, 1.2574, 1.2444, 1.2590, 1.2268, 1.2046, 1.2572, 1.1749, 1.3531,
        1.0610, 1.2623, 1.1808, 1.2491, 1.2872, 1.2893, 1.2379, 1.2664, 1.1920,
        1.1334, 1.1997, 1.1511, 1.1533, 1.1358, 1.2710, 1.1020, 1.1186, 1.0440,
        1.0535, 1.2135, 1.1718, 1.2430, 1.2807, 1.3311, 1.1903, 1.2718, 1.1687,
        1.2750, 1.1977, 1.2827, 1.2216, 1.2204, 1.2840, 1.2154, 1.2200, 1.0851,
        1.3027, 1.3827, 1.1741, 1.2518, 1.1041, 1.2440, 1.2832, 1.1357, 1.2680,
        1.1279, 1.2455, 1.2528, 1.1862, 1.1806, 1.3058, 1.2255, 1.1418, 1.1648,
        1.2838, 1.2743, 1.1942, 1.1200, 1.3413, 1.0737, 1.1713, 1.3854, 1.2539,
        1.1724, 1.2872, 1.3479, 1.2777, 1.1679, 1.1026, 1.3522, 1.2540, 1.1473,
        1.1826, 1.3243, 1.2778, 1.2193, 1.3376, 1.1079, 1.1655, 1.1152, 1.0988,
        1.1142, 1.2099, 1.2087, 1.2179, 1.1809, 1.2995, 1.3084, 1.1715, 1.3250,
        1.2028, 1.3060, 1.1007, 1.3204, 1.1819, 1.1619, 1.1639, 1.3265, 1.0321,
        1.1855, 1.2180, 1.1835, 1.3600, 1.3321, 1.2420, 1.1041, 1.1797, 1.2641,
        1.2178, 1.2652], device='cuda:0', requires_grad=True)
Param: transformer_encoder.layers.3.norm2.bias
	Parameter containing:
tensor([ 2.2713e-04, -4.0734e-02, -8.3520e-03,  1.2120e-02, -7.5638e-03,
         1.0708e-02, -1.3165e-02, -1.2070e-02, -2.6574e-02,  9.2964e-03,
        -2.0004e-02,  3.1391e-02, -3.2414e-03, -1.8225e-03,  3.0657e-02,
         2.2950e-03,  1.0947e-02, -1.7982e-02,  4.4630e-02, -1.5917e-02,
        -1.5689e-02, -2.7959e-02, -1.5378e-02,  1.2962e-02, -1.1668e-02,
        -2.4222e-02, -1.6643e-02, -9.4059e-03,  3.1705e-02, -1.1589e-02,
        -5.5132e-04,  1.2817e-02,  5.7937e-03,  2.5207e-02, -2.4668e-03,
        -3.1258e-02, -2.0922e-03, -2.5414e-02, -1.1852e-02, -1.8596e-05,
         3.2619e-02,  1.0095e-02, -1.0906e-02, -1.9287e-02,  1.2357e-02,
        -1.4886e-02, -2.3095e-02, -2.8854e-02,  1.3519e-02,  1.4906e-02,
         8.2279e-03,  5.8626e-03, -2.8861e-03, -2.9897e-02,  4.8370e-03,
         2.1735e-03,  3.6082e-02,  9.6390e-03, -1.6298e-02, -1.4368e-02,
        -1.5217e-02,  1.0049e-02,  3.1303e-02,  1.1028e-02,  1.7049e-02,
         2.1219e-02, -1.9876e-02, -1.2247e-02, -1.8715e-03, -1.7850e-02,
         2.8044e-02, -1.0599e-02, -5.0700e-03,  1.6913e-02,  1.8800e-02,
         2.0364e-02,  7.9779e-03, -3.5698e-03, -1.1103e-02,  3.5795e-02,
        -4.5662e-02,  2.7931e-03, -7.4548e-03, -7.9629e-03,  4.6995e-02,
         1.0449e-02,  4.4862e-02, -6.5203e-03,  3.5780e-02, -1.7268e-02,
        -1.2008e-02, -3.2662e-02, -8.7460e-03,  2.5484e-02,  7.6413e-03,
        -1.2751e-02, -5.5045e-03,  5.8206e-03, -3.1435e-03,  2.0296e-02,
        -2.2648e-02, -1.3456e-02, -4.7372e-03, -4.7921e-02,  3.9892e-03,
         1.5580e-02, -2.6547e-02,  1.6786e-03, -1.7076e-03, -5.7252e-03,
         1.0453e-02,  6.4271e-03,  1.9065e-02, -3.8695e-02,  6.2332e-03,
        -1.6438e-03, -4.3968e-02, -4.8616e-04,  1.5890e-02,  1.6299e-02,
         1.6358e-02,  1.2879e-02,  2.4341e-02,  2.1104e-03, -1.1298e-02,
        -1.9640e-02, -3.4365e-03,  3.3365e-03], device='cuda:0',
       requires_grad=True)
Param: fc.weight
	Parameter containing:
tensor([[-0.0420,  0.1674,  0.2348,  ..., -0.0486, -0.0393, -0.0970],
        [-0.1006, -0.1624,  0.0544,  ..., -0.0799,  0.0899, -0.0735],
        [-0.0836, -0.0356, -0.1247,  ..., -0.0448,  0.0289,  0.0062],
        ...,
        [ 0.1291, -0.0129,  0.0808,  ..., -0.1229,  0.1930,  0.2268],
        [-0.0410,  0.0500,  0.0320,  ...,  0.2313,  0.0435,  0.0337],
        [-0.0335, -0.0175,  0.0047,  ..., -0.0691, -0.0724, -0.0237]],
       device='cuda:0', requires_grad=True)
Param: fc.bias
	Parameter containing:
tensor([ 0.0129, -0.0422,  0.0364,  0.0074, -0.0142,  0.0780,  0.0594,  0.0179,
         0.0644,  0.0286], device='cuda:0', requires_grad=True)







==================== End of the experiment ====================


